This is pdfTeX, Version 3.14159265-2.6-1.40.20 (MiKTeX 2.9.7200 64-bit) (preloaded format=pdflatex 2019.11.23)  17 SEP 2020 15:59
entering extended mode
**./Arbeit.tex
(Arbeit.tex
LaTeX2e <2019-10-01> patch level 3
("C:\Program Files\MiKTeX\tex/latex/koma-script\scrreprt.cls"
Document Class: scrreprt 2019/10/12 v3.27 KOMA-Script document class (report)
("C:\Program Files\MiKTeX\tex/latex/koma-script\scrkbase.sty"
Package: scrkbase 2019/10/12 v3.27 KOMA-Script package (KOMA-Script-dependent b
asics and keyval usage)

("C:\Program Files\MiKTeX\tex/latex/koma-script\scrbase.sty"
Package: scrbase 2019/10/12 v3.27 KOMA-Script package (KOMA-Script-independent 
basics and keyval usage)

("C:\Program Files\MiKTeX\tex/latex/graphics\keyval.sty"
Package: keyval 2014/10/28 v1.15 key=value parser (DPC)
\KV@toks@=\toks14
)
("C:\Program Files\MiKTeX\tex/latex/koma-script\scrlfile.sty"
Package: scrlfile 2019/10/12 v3.27 KOMA-Script package (loading files)
)))
("C:\Program Files\MiKTeX\tex/latex/koma-script\tocbasic.sty"
Package: tocbasic 2019/10/12 v3.27 KOMA-Script package (handling toc-files)
\scr@dte@tocline@numberwidth=\skip41
\scr@dte@tocline@numbox=\box27
)
Package tocbasic Info: omitting babel extension for `toc'
(tocbasic)             because of feature `nobabel' available
(tocbasic)             for `toc' on input line 137.
Package scrreprt Info: You've used standard option `11pt'.
(scrreprt)             This is correct!
(scrreprt)             Internally I'm using `fontsize=11pt'.
(scrreprt)             If you'd like to set the option with \KOMAoptions,
(scrreprt)             you'd have to use `fontsize=11pt' there
(scrreprt)             instead of `11pt', too.
Class scrreprt Info: You've used standard option `final'.
(scrreprt)           This is correct!
(scrreprt)           Internally I'm using `draft=false'.
(scrreprt)           If you'd like to set the option with \KOMAoptions,
(scrreprt)           you'd have to use `draft=false' there
(scrreprt)           instead of `final', too.
Class scrreprt Info: File `scrsize11pt.clo' used to setup font sizes on input l
ine 2417.

("C:\Program Files\MiKTeX\tex/latex/koma-script\scrsize11pt.clo"
File: scrsize11pt.clo 2019/10/12 v3.27 KOMA-Script font size class option (11pt
)
)
("C:\Program Files\MiKTeX\tex/latex/koma-script\typearea.sty"
Package: typearea 2019/10/12 v3.27 KOMA-Script package (type area)
\ta@bcor=\skip42
\ta@div=\count80
Package typearea Info: You've used standard option `a4paper'.
(typearea)             This is correct!
(typearea)             Internally I'm using `paper=a4'.
(typearea)             If you'd like to set the option with \KOMAoptions,
(typearea)             you'd have to use `paper=a4' there
(typearea)             instead of `a4paper', too.
\ta@hblk=\skip43
\ta@vblk=\skip44
\ta@temp=\skip45
\footheight=\skip46
Package typearea Info: These are the values describing the layout:
(typearea)             DIV  = 10
(typearea)             BCOR = 0.0pt
(typearea)             \paperwidth      = 597.50793pt
(typearea)              \textwidth      = 418.25555pt
(typearea)              DIV departure   = -6%
(typearea)              \evensidemargin = 47.2316pt
(typearea)              \oddsidemargin  = -12.5192pt
(typearea)             \paperheight     = 845.04694pt
(typearea)              \textheight     = 595.80026pt
(typearea)              \topmargin      = -25.16531pt
(typearea)              \headheight     = 17.0pt
(typearea)              \headsep        = 20.40001pt
(typearea)              \topskip        = 11.0pt
(typearea)              \footskip       = 47.6pt
(typearea)              \baselineskip   = 13.6pt
(typearea)              on input line 1716.
)
\c@part=\count81
\c@chapter=\count82
\c@section=\count83
\c@subsection=\count84
\c@subsubsection=\count85
\c@paragraph=\count86
\c@subparagraph=\count87
\scr@dte@chapter@maxnumwidth=\skip47
Class scrreprt Info: using compatibility default `afterindent=bysign'
(scrreprt)           for `\chapter on input line 5525.
\scr@dte@section@maxnumwidth=\skip48
Class scrreprt Info: using compatibility default `runin=bysign'
(scrreprt)           for `\section on input line 5535.
Class scrreprt Info: using compatibility default `afterindent=bysign'
(scrreprt)           for `\section on input line 5535.
\scr@dte@part@maxnumwidth=\skip49
Class scrreprt Info: using compatibility default `afterindent=true'
(scrreprt)           for `\part on input line 5544.
\scr@dte@subsection@maxnumwidth=\skip50
Class scrreprt Info: using compatibility default `runin=bysign'
(scrreprt)           for `\subsection on input line 5554.
Class scrreprt Info: using compatibility default `afterindent=bysign'
(scrreprt)           for `\subsection on input line 5554.
\scr@dte@subsubsection@maxnumwidth=\skip51
Class scrreprt Info: using compatibility default `runin=bysign'
(scrreprt)           for `\subsubsection on input line 5564.
Class scrreprt Info: using compatibility default `afterindent=bysign'
(scrreprt)           for `\subsubsection on input line 5564.
\scr@dte@paragraph@maxnumwidth=\skip52
Class scrreprt Info: using compatibility default `runin=bysign'
(scrreprt)           for `\paragraph on input line 5574.
Class scrreprt Info: using compatibility default `afterindent=bysign'
(scrreprt)           for `\paragraph on input line 5574.
\scr@dte@subparagraph@maxnumwidth=\skip53
Class scrreprt Info: using compatibility default `runin=bysign'
(scrreprt)           for `\subparagraph on input line 5584.
Class scrreprt Info: using compatibility default `afterindent=bysign'
(scrreprt)           for `\subparagraph on input line 5584.
\abovecaptionskip=\skip54
\belowcaptionskip=\skip55
\c@pti@nb@sid@b@x=\box28
Package tocbasic Info: omitting babel extension for `lof'
(tocbasic)             because of feature `nobabel' available
(tocbasic)             for `lof' on input line 6808.
\scr@dte@figure@maxnumwidth=\skip56
\c@figure=\count88
Package tocbasic Info: omitting babel extension for `lot'
(tocbasic)             because of feature `nobabel' available
(tocbasic)             for `lot' on input line 6825.
\scr@dte@table@maxnumwidth=\skip57
\c@table=\count89
Class scrreprt Info: Redefining `\numberline' on input line 6994.
\bibindent=\dimen102
) (Packages.tex
("C:\Program Files\MiKTeX\tex/latex/koma-script\scrhack.sty"
Package: scrhack 2019/10/12 v3.27 KOMA-Script package (hacking other packages)

("C:\Program Files\MiKTeX\tex/latex/xpatch\xpatch.sty"
("C:\Program Files\MiKTeX\tex/latex/l3kernel\expl3.sty"
Package: expl3 2019-11-07 L3 programming layer (loader) 

("C:\Program Files\MiKTeX\tex/latex/l3kernel\expl3-code.tex"
Package: expl3 2019-11-07 L3 programming layer (code)
\c_max_int=\count90
\l_tmpa_int=\count91
\l_tmpb_int=\count92
\g_tmpa_int=\count93
\g_tmpb_int=\count94
\l__seq_internal_a_int=\count95
\l__seq_internal_b_int=\count96
\g__kernel_prg_map_int=\count97
\c__ior_term_noprompt_ior=\count98
\c_log_iow=\count99
\l_iow_line_count_int=\count100
\l__iow_line_target_int=\count101
\l__iow_one_indent_int=\count102
\l__iow_indent_int=\count103
\c_zero_dim=\dimen103
\c_max_dim=\dimen104
\l_tmpa_dim=\dimen105
\l_tmpb_dim=\dimen106
\g_tmpa_dim=\dimen107
\g_tmpb_dim=\dimen108
\c_zero_skip=\skip58
\c_max_skip=\skip59
\l_tmpa_skip=\skip60
\l_tmpb_skip=\skip61
\g_tmpa_skip=\skip62
\g_tmpb_skip=\skip63
\c_zero_muskip=\muskip10
\c_max_muskip=\muskip11
\l_tmpa_muskip=\muskip12
\l_tmpb_muskip=\muskip13
\g_tmpa_muskip=\muskip14
\g_tmpb_muskip=\muskip15
\l_keys_choice_int=\count104
\l__intarray_loop_int=\count105
\c__intarray_sp_dim=\dimen109
\g__intarray_font_int=\count106
\c__fp_leading_shift_int=\count107
\c__fp_middle_shift_int=\count108
\c__fp_trailing_shift_int=\count109
\c__fp_big_leading_shift_int=\count110
\c__fp_big_middle_shift_int=\count111
\c__fp_big_trailing_shift_int=\count112
\c__fp_Bigg_leading_shift_int=\count113
\c__fp_Bigg_middle_shift_int=\count114
\c__fp_Bigg_trailing_shift_int=\count115
\c__kernel_randint_max_int=\count116
\g__fp_array_int=\count117
\l__fp_array_loop_int=\count118
\l__sort_length_int=\count119
\l__sort_min_int=\count120
\l__sort_top_int=\count121
\l__sort_max_int=\count122
\l__sort_true_max_int=\count123
\l__sort_block_int=\count124
\l__sort_begin_int=\count125
\l__sort_end_int=\count126
\l__sort_A_int=\count127
\l__sort_B_int=\count128
\l__sort_C_int=\count129
\l__str_internal_int=\count130
\c__str_replacement_char_int=\count131
\l__tl_analysis_normal_int=\count132
\l__tl_analysis_index_int=\count133
\l__tl_analysis_nesting_int=\count134
\l__tl_analysis_type_int=\count135
\l__regex_internal_a_int=\count136
\l__regex_internal_b_int=\count137
\l__regex_internal_c_int=\count138
\l__regex_balance_int=\count139
\l__regex_group_level_int=\count140
\l__regex_mode_int=\count141
\c__regex_cs_in_class_mode_int=\count142
\c__regex_cs_mode_int=\count143
\l__regex_catcodes_int=\count144
\l__regex_default_catcodes_int=\count145
\c__regex_catcode_D_int=\count146
\c__regex_catcode_S_int=\count147
\c__regex_catcode_L_int=\count148
\c__regex_catcode_O_int=\count149
\c__regex_catcode_A_int=\count150
\c__regex_all_catcodes_int=\count151
\l__regex_show_lines_int=\count152
\l__regex_min_state_int=\count153
\l__regex_max_state_int=\count154
\l__regex_left_state_int=\count155
\l__regex_right_state_int=\count156
\l__regex_capturing_group_int=\count157
\l__regex_min_pos_int=\count158
\l__regex_max_pos_int=\count159
\l__regex_curr_pos_int=\count160
\l__regex_start_pos_int=\count161
\l__regex_success_pos_int=\count162
\l__regex_curr_char_int=\count163
\l__regex_curr_catcode_int=\count164
\l__regex_last_char_int=\count165
\l__regex_case_changed_char_int=\count166
\l__regex_curr_state_int=\count167
\l__regex_step_int=\count168
\l__regex_min_active_int=\count169
\l__regex_max_active_int=\count170
\l__regex_replacement_csnames_int=\count171
\l__regex_match_count_int=\count172
\l__regex_min_submatch_int=\count173
\l__regex_submatch_int=\count174
\l__regex_zeroth_submatch_int=\count175
\g__regex_trace_regex_int=\count176
\c_empty_box=\box29
\l_tmpa_box=\box30
\l_tmpb_box=\box31
\g_tmpa_box=\box32
\g_tmpb_box=\box33
\l__box_top_dim=\dimen110
\l__box_bottom_dim=\dimen111
\l__box_left_dim=\dimen112
\l__box_right_dim=\dimen113
\l__box_top_new_dim=\dimen114
\l__box_bottom_new_dim=\dimen115
\l__box_left_new_dim=\dimen116
\l__box_right_new_dim=\dimen117
\l__box_internal_box=\box34
\l__coffin_internal_box=\box35
\l__coffin_internal_dim=\dimen118
\l__coffin_offset_x_dim=\dimen119
\l__coffin_offset_y_dim=\dimen120
\l__coffin_x_dim=\dimen121
\l__coffin_y_dim=\dimen122
\l__coffin_x_prime_dim=\dimen123
\l__coffin_y_prime_dim=\dimen124
\c_empty_coffin=\box36
\l__coffin_aligned_coffin=\box37
\l__coffin_aligned_internal_coffin=\box38
\l_tmpa_coffin=\box39
\l_tmpb_coffin=\box40
\g_tmpa_coffin=\box41
\g_tmpb_coffin=\box42
\l__coffin_bounding_shift_dim=\dimen125
\l__coffin_left_corner_dim=\dimen126
\l__coffin_right_corner_dim=\dimen127
\l__coffin_bottom_corner_dim=\dimen128
\l__coffin_top_corner_dim=\dimen129
\l__coffin_scaled_total_height_dim=\dimen130
\l__coffin_scaled_width_dim=\dimen131
\c__coffin_empty_coffin=\box43
\l__coffin_display_coffin=\box44
\l__coffin_display_coord_coffin=\box45
\l__coffin_display_pole_coffin=\box46
\l__coffin_display_offset_dim=\dimen132
\l__coffin_display_x_dim=\dimen133
\l__coffin_display_y_dim=\dimen134
\g__char_data_ior=\read1

("C:\Program Files\MiKTeX\tex/latex/l3kernel\l3deprecation.def"
File: l3deprecation.def 2019-04-06 v L3 Deprecated functions
))
("C:\Program Files\MiKTeX\tex/latex/l3backend\l3backend-pdfmode.def"
File: l3backend-pdfmode.def 2019-04-06 L3 backend support: PDF mode
\l__kernel_color_stack_int=\count177
\l__pdf_internal_box=\box47
))
Package: xpatch 2012/10/02 v0.3 Extending etoolbox patching commands

("C:\Program Files\MiKTeX\tex/latex/l3packages/xparse\xparse.sty"
Package: xparse 2019-10-11 L3 Experimental document command parser
\l__xparse_current_arg_int=\count178
\g__xparse_grabber_int=\count179
\l__xparse_m_args_int=\count180
\l__xparse_v_nesting_int=\count181
)
("C:\Program Files\MiKTeX\tex/latex/etoolbox\etoolbox.sty"
Package: etoolbox 2019/09/21 v2.5h e-TeX tools for LaTeX (JAW)
\etb@tempcnta=\count182
)))
("C:\Program Files\MiKTeX\tex/latex/koma-script\scrlayer-scrpage.sty"
Package: scrlayer-scrpage 2019/10/12 v3.27 KOMA-Script package (end user interf
ace for scrlayer)

("C:\Program Files\MiKTeX\tex/latex/koma-script\scrlayer.sty"
Package: scrlayer 2019/10/12 v3.27 KOMA-Script package (defining layers and pag
e styles)
Package scrlayer Info: Using already defined \footheight
(scrlayer)             hoping, that this is a length and
(scrlayer)             not only a macro on input line 109.
Package scrlayer Info: patching LaTeX kernel macro \pagestyle on input line 208
3.
)
Package scrlayer-scrpage Info: Makeing stand-alone element `pagehead' from
(scrlayer-scrpage)             alias to `pageheadfoot' on input line 1244.
Package scrlayer-scrpage Info: deactivating warning for font element
(scrlayer-scrpage)             `pagefoot' on input line 1271.
)
Package scrlayer-scrpage Info: auto-selection of `pagestyleset=KOMA-Script'.

1: section
1: chapter
1: chapter
1: section
("C:\Program Files\MiKTeX\tex/generic/babel\babel.sty"
Package: babel 2019/10/15 3.35 The Babel package

("C:\Program Files\MiKTeX\tex/generic/babel\switch.def"
File: switch.def 2019/10/15 3.35 Babel switching mechanism
)
*************************************
* Local config file bblopts.cfg used
*
("C:\Program Files\MiKTeX\tex/latex/arabi\bblopts.cfg"
File: bblopts.cfg 2005/09/08 v0.1 add Arabic and Farsi to "declared" options of
 babel
)
("C:\Program Files\MiKTeX\tex/latex/babel-german\ngerman.ldf"
Language: ngerman 2018/12/08 v2.11 German support for babel (post-1996 orthogra
phy)

("C:\Program Files\MiKTeX\tex/latex/babel-german\ngermanb.ldf"
Language: ngermanb 2018/12/08 v2.11 German support for babel (post-1996 orthogr
aphy)

("C:\Program Files\MiKTeX\tex/generic/babel\babel.def"
File: babel.def 2019/10/15 3.35 Babel common definitions
\babel@savecnt=\count183
\U@D=\dimen135

("C:\Program Files\MiKTeX\tex/generic/babel\txtbabel.def")
\bbl@dirlevel=\count184
)
Package babel Info: Making " an active character on input line 121.
)))
("C:\Program Files\MiKTeX\tex/latex/base\inputenc.sty"
Package: inputenc 2018/08/11 v1.3c Input encoding file
\inpenc@prehook=\toks15
\inpenc@posthook=\toks16

("C:\Program Files\MiKTeX\tex/latex/base\latin1.def"
File: latin1.def 2018/08/11 v1.3c Input encoding file
))
("C:\Program Files\MiKTeX\tex/latex/base\fontenc.sty"
Package: fontenc 2018/08/11 v2.0j Standard LaTeX package

("C:\Program Files\MiKTeX\tex/latex/base\t1enc.def"
File: t1enc.def 2018/08/11 v2.0j Standard LaTeX file
LaTeX Font Info:    Redeclaring font encoding T1 on input line 48.
))
("C:\Program Files\MiKTeX\tex/latex/base\textcomp.sty"
Package: textcomp 2018/08/11 v2.0j Standard LaTeX package
Package textcomp Info: Sub-encoding information:
(textcomp)               5 = only ISO-Adobe without \textcurrency
(textcomp)               4 = 5 + \texteuro
(textcomp)               3 = 4 + \textohm
(textcomp)               2 = 3 + \textestimated + \textcurrency
(textcomp)               1 = TS1 - \textcircled - \t
(textcomp)               0 = TS1 (full)
(textcomp)             Font families with sub-encoding setting implement
(textcomp)             only a restricted character set as indicated.
(textcomp)             Family '?' is the default used for unknown fonts.
(textcomp)             See the documentation for details.
Package textcomp Info: Setting ? sub-encoding to TS1/1 on input line 79.

("C:\Program Files\MiKTeX\tex/latex/base\ts1enc.def"
File: ts1enc.def 2001/06/05 v3.0e (jk/car/fm) Standard LaTeX file
Now handling font encoding TS1 ...
... processing UTF-8 mapping file for font encoding TS1

("C:\Program Files\MiKTeX\tex/latex/base\ts1enc.dfu"
File: ts1enc.dfu 2019/07/11 v1.2j UTF-8 support for inputenc
   defining Unicode char U+00A2 (decimal 162)
   defining Unicode char U+00A3 (decimal 163)
   defining Unicode char U+00A4 (decimal 164)
   defining Unicode char U+00A5 (decimal 165)
   defining Unicode char U+00A6 (decimal 166)
   defining Unicode char U+00A7 (decimal 167)
   defining Unicode char U+00A8 (decimal 168)
   defining Unicode char U+00A9 (decimal 169)
   defining Unicode char U+00AA (decimal 170)
   defining Unicode char U+00AC (decimal 172)
   defining Unicode char U+00AE (decimal 174)
   defining Unicode char U+00AF (decimal 175)
   defining Unicode char U+00B0 (decimal 176)
   defining Unicode char U+00B1 (decimal 177)
   defining Unicode char U+00B2 (decimal 178)
   defining Unicode char U+00B3 (decimal 179)
   defining Unicode char U+00B4 (decimal 180)
   defining Unicode char U+00B5 (decimal 181)
   defining Unicode char U+00B6 (decimal 182)
   defining Unicode char U+00B7 (decimal 183)
   defining Unicode char U+00B9 (decimal 185)
   defining Unicode char U+00BA (decimal 186)
   defining Unicode char U+00BC (decimal 188)
   defining Unicode char U+00BD (decimal 189)
   defining Unicode char U+00BE (decimal 190)
   defining Unicode char U+00D7 (decimal 215)
   defining Unicode char U+00F7 (decimal 247)
   defining Unicode char U+0192 (decimal 402)
   defining Unicode char U+02C7 (decimal 711)
   defining Unicode char U+02D8 (decimal 728)
   defining Unicode char U+02DD (decimal 733)
   defining Unicode char U+0E3F (decimal 3647)
   defining Unicode char U+2016 (decimal 8214)
   defining Unicode char U+2020 (decimal 8224)
   defining Unicode char U+2021 (decimal 8225)
   defining Unicode char U+2022 (decimal 8226)
   defining Unicode char U+2030 (decimal 8240)
   defining Unicode char U+2031 (decimal 8241)
   defining Unicode char U+203B (decimal 8251)
   defining Unicode char U+203D (decimal 8253)
   defining Unicode char U+2044 (decimal 8260)
   defining Unicode char U+204E (decimal 8270)
   defining Unicode char U+2052 (decimal 8274)
   defining Unicode char U+20A1 (decimal 8353)
   defining Unicode char U+20A4 (decimal 8356)
   defining Unicode char U+20A6 (decimal 8358)
   defining Unicode char U+20A9 (decimal 8361)
   defining Unicode char U+20AB (decimal 8363)
   defining Unicode char U+20AC (decimal 8364)
   defining Unicode char U+20B1 (decimal 8369)
   defining Unicode char U+2103 (decimal 8451)
   defining Unicode char U+2116 (decimal 8470)
   defining Unicode char U+2117 (decimal 8471)
   defining Unicode char U+211E (decimal 8478)
   defining Unicode char U+2120 (decimal 8480)
   defining Unicode char U+2122 (decimal 8482)
   defining Unicode char U+2126 (decimal 8486)
   defining Unicode char U+2127 (decimal 8487)
   defining Unicode char U+212E (decimal 8494)
   defining Unicode char U+2190 (decimal 8592)
   defining Unicode char U+2191 (decimal 8593)
   defining Unicode char U+2192 (decimal 8594)
   defining Unicode char U+2193 (decimal 8595)
   defining Unicode char U+2329 (decimal 9001)
   defining Unicode char U+232A (decimal 9002)
   defining Unicode char U+2422 (decimal 9250)
   defining Unicode char U+25E6 (decimal 9702)
   defining Unicode char U+25EF (decimal 9711)
   defining Unicode char U+266A (decimal 9834)
   defining Unicode char U+27E8 (decimal 10216)
   defining Unicode char U+27E9 (decimal 10217)
   defining Unicode char U+FEFF (decimal 65279)
))
LaTeX Info: Redefining \oldstylenums on input line 334.
Package textcomp Info: Setting cmr sub-encoding to TS1/0 on input line 349.
Package textcomp Info: Setting cmss sub-encoding to TS1/0 on input line 350.
Package textcomp Info: Setting cmtt sub-encoding to TS1/0 on input line 351.
Package textcomp Info: Setting cmvtt sub-encoding to TS1/0 on input line 352.
Package textcomp Info: Setting cmbr sub-encoding to TS1/0 on input line 353.
Package textcomp Info: Setting cmtl sub-encoding to TS1/0 on input line 354.
Package textcomp Info: Setting ccr sub-encoding to TS1/0 on input line 355.
Package textcomp Info: Setting ptm sub-encoding to TS1/4 on input line 356.
Package textcomp Info: Setting pcr sub-encoding to TS1/4 on input line 357.
Package textcomp Info: Setting phv sub-encoding to TS1/4 on input line 358.
Package textcomp Info: Setting ppl sub-encoding to TS1/3 on input line 359.
Package textcomp Info: Setting pag sub-encoding to TS1/4 on input line 360.
Package textcomp Info: Setting pbk sub-encoding to TS1/4 on input line 361.
Package textcomp Info: Setting pnc sub-encoding to TS1/4 on input line 362.
Package textcomp Info: Setting pzc sub-encoding to TS1/4 on input line 363.
Package textcomp Info: Setting bch sub-encoding to TS1/4 on input line 364.
Package textcomp Info: Setting put sub-encoding to TS1/5 on input line 365.
Package textcomp Info: Setting uag sub-encoding to TS1/5 on input line 366.
Package textcomp Info: Setting ugq sub-encoding to TS1/5 on input line 367.
Package textcomp Info: Setting ul8 sub-encoding to TS1/4 on input line 368.
Package textcomp Info: Setting ul9 sub-encoding to TS1/4 on input line 369.
Package textcomp Info: Setting augie sub-encoding to TS1/5 on input line 370.
Package textcomp Info: Setting dayrom sub-encoding to TS1/3 on input line 371.
Package textcomp Info: Setting dayroms sub-encoding to TS1/3 on input line 372.

Package textcomp Info: Setting pxr sub-encoding to TS1/0 on input line 373.
Package textcomp Info: Setting pxss sub-encoding to TS1/0 on input line 374.
Package textcomp Info: Setting pxtt sub-encoding to TS1/0 on input line 375.
Package textcomp Info: Setting txr sub-encoding to TS1/0 on input line 376.
Package textcomp Info: Setting txss sub-encoding to TS1/0 on input line 377.
Package textcomp Info: Setting txtt sub-encoding to TS1/0 on input line 378.
Package textcomp Info: Setting lmr sub-encoding to TS1/0 on input line 379.
Package textcomp Info: Setting lmdh sub-encoding to TS1/0 on input line 380.
Package textcomp Info: Setting lmss sub-encoding to TS1/0 on input line 381.
Package textcomp Info: Setting lmssq sub-encoding to TS1/0 on input line 382.
Package textcomp Info: Setting lmvtt sub-encoding to TS1/0 on input line 383.
Package textcomp Info: Setting lmtt sub-encoding to TS1/0 on input line 384.
Package textcomp Info: Setting qhv sub-encoding to TS1/0 on input line 385.
Package textcomp Info: Setting qag sub-encoding to TS1/0 on input line 386.
Package textcomp Info: Setting qbk sub-encoding to TS1/0 on input line 387.
Package textcomp Info: Setting qcr sub-encoding to TS1/0 on input line 388.
Package textcomp Info: Setting qcs sub-encoding to TS1/0 on input line 389.
Package textcomp Info: Setting qpl sub-encoding to TS1/0 on input line 390.
Package textcomp Info: Setting qtm sub-encoding to TS1/0 on input line 391.
Package textcomp Info: Setting qzc sub-encoding to TS1/0 on input line 392.
Package textcomp Info: Setting qhvc sub-encoding to TS1/0 on input line 393.
Package textcomp Info: Setting futs sub-encoding to TS1/4 on input line 394.
Package textcomp Info: Setting futx sub-encoding to TS1/4 on input line 395.
Package textcomp Info: Setting futj sub-encoding to TS1/4 on input line 396.
Package textcomp Info: Setting hlh sub-encoding to TS1/3 on input line 397.
Package textcomp Info: Setting hls sub-encoding to TS1/3 on input line 398.
Package textcomp Info: Setting hlst sub-encoding to TS1/3 on input line 399.
Package textcomp Info: Setting hlct sub-encoding to TS1/5 on input line 400.
Package textcomp Info: Setting hlx sub-encoding to TS1/5 on input line 401.
Package textcomp Info: Setting hlce sub-encoding to TS1/5 on input line 402.
Package textcomp Info: Setting hlcn sub-encoding to TS1/5 on input line 403.
Package textcomp Info: Setting hlcw sub-encoding to TS1/5 on input line 404.
Package textcomp Info: Setting hlcf sub-encoding to TS1/5 on input line 405.
Package textcomp Info: Setting pplx sub-encoding to TS1/3 on input line 406.
Package textcomp Info: Setting pplj sub-encoding to TS1/3 on input line 407.
Package textcomp Info: Setting ptmx sub-encoding to TS1/4 on input line 408.
Package textcomp Info: Setting ptmj sub-encoding to TS1/4 on input line 409.
)
("C:\Program Files\MiKTeX\tex/latex/lm\lmodern.sty"
Package: lmodern 2009/10/30 v1.6 Latin Modern Fonts
LaTeX Font Info:    Overwriting symbol font `operators' in version `normal'
(Font)                  OT1/cmr/m/n --> OT1/lmr/m/n on input line 22.
LaTeX Font Info:    Overwriting symbol font `letters' in version `normal'
(Font)                  OML/cmm/m/it --> OML/lmm/m/it on input line 23.
LaTeX Font Info:    Overwriting symbol font `symbols' in version `normal'
(Font)                  OMS/cmsy/m/n --> OMS/lmsy/m/n on input line 24.
LaTeX Font Info:    Overwriting symbol font `largesymbols' in version `normal'
(Font)                  OMX/cmex/m/n --> OMX/lmex/m/n on input line 25.
LaTeX Font Info:    Overwriting symbol font `operators' in version `bold'
(Font)                  OT1/cmr/bx/n --> OT1/lmr/bx/n on input line 26.
LaTeX Font Info:    Overwriting symbol font `letters' in version `bold'
(Font)                  OML/cmm/b/it --> OML/lmm/b/it on input line 27.
LaTeX Font Info:    Overwriting symbol font `symbols' in version `bold'
(Font)                  OMS/cmsy/b/n --> OMS/lmsy/b/n on input line 28.
LaTeX Font Info:    Overwriting symbol font `largesymbols' in version `bold'
(Font)                  OMX/cmex/m/n --> OMX/lmex/m/n on input line 29.
LaTeX Font Info:    Overwriting math alphabet `\mathbf' in version `normal'
(Font)                  OT1/cmr/bx/n --> OT1/lmr/bx/n on input line 31.
LaTeX Font Info:    Overwriting math alphabet `\mathsf' in version `normal'
(Font)                  OT1/cmss/m/n --> OT1/lmss/m/n on input line 32.
LaTeX Font Info:    Overwriting math alphabet `\mathit' in version `normal'
(Font)                  OT1/cmr/m/it --> OT1/lmr/m/it on input line 33.
LaTeX Font Info:    Overwriting math alphabet `\mathtt' in version `normal'
(Font)                  OT1/cmtt/m/n --> OT1/lmtt/m/n on input line 34.
LaTeX Font Info:    Overwriting math alphabet `\mathbf' in version `bold'
(Font)                  OT1/cmr/bx/n --> OT1/lmr/bx/n on input line 35.
LaTeX Font Info:    Overwriting math alphabet `\mathsf' in version `bold'
(Font)                  OT1/cmss/bx/n --> OT1/lmss/bx/n on input line 36.
LaTeX Font Info:    Overwriting math alphabet `\mathit' in version `bold'
(Font)                  OT1/cmr/bx/it --> OT1/lmr/bx/it on input line 37.
LaTeX Font Info:    Overwriting math alphabet `\mathtt' in version `bold'
(Font)                  OT1/cmtt/m/n --> OT1/lmtt/m/n on input line 38.
)
("C:\Program Files\MiKTeX\tex/latex/relsize\relsize.sty"
Package: relsize 2013/03/29 ver 4.1
)
("C:\Program Files\MiKTeX\tex/latex/graphics\graphicx.sty"
Package: graphicx 2017/06/01 v1.1a Enhanced LaTeX Graphics (DPC,SPQR)

("C:\Program Files\MiKTeX\tex/latex/graphics\graphics.sty"
Package: graphics 2019/11/01 v1.3d Standard LaTeX Graphics (DPC,SPQR)

("C:\Program Files\MiKTeX\tex/latex/graphics\trig.sty"
Package: trig 2016/01/03 v1.10 sin cos tan (DPC)
)
("C:\Program Files\MiKTeX\tex/latex/graphics-cfg\graphics.cfg"
File: graphics.cfg 2016/06/04 v1.11 sample graphics configuration
)
Package graphics Info: Driver file: dvips.def on input line 105.

("C:\Program Files\MiKTeX\tex/latex/graphics-def\dvips.def"
File: dvips.def 2017/06/20 v3.1d Graphics/color driver for dvips
))
\Gin@req@height=\dimen136
\Gin@req@width=\dimen137
)
("C:\Program Files\MiKTeX\tex/latex/amsmath\amsmath.sty"
Package: amsmath 2019/04/01 v2.17c AMS math features
\@mathmargin=\skip64

For additional information on amsmath, use the `?' option.
("C:\Program Files\MiKTeX\tex/latex/amsmath\amstext.sty"
Package: amstext 2000/06/29 v2.01 AMS text

("C:\Program Files\MiKTeX\tex/latex/amsmath\amsgen.sty"
File: amsgen.sty 1999/11/30 v2.0 generic functions
\@emptytoks=\toks17
\ex@=\dimen138
))
("C:\Program Files\MiKTeX\tex/latex/amsmath\amsbsy.sty"
Package: amsbsy 1999/11/29 v1.2d Bold Symbols
\pmbraise@=\dimen139
)
("C:\Program Files\MiKTeX\tex/latex/amsmath\amsopn.sty"
Package: amsopn 2016/03/08 v2.02 operator names
)
\inf@bad=\count185
LaTeX Info: Redefining \frac on input line 227.
\uproot@=\count186
\leftroot@=\count187
LaTeX Info: Redefining \overline on input line 389.
\classnum@=\count188
\DOTSCASE@=\count189
LaTeX Info: Redefining \ldots on input line 486.
LaTeX Info: Redefining \dots on input line 489.
LaTeX Info: Redefining \cdots on input line 610.
\Mathstrutbox@=\box48
\strutbox@=\box49
\big@size=\dimen140
LaTeX Font Info:    Redeclaring font encoding OML on input line 733.
LaTeX Font Info:    Redeclaring font encoding OMS on input line 734.
\macc@depth=\count190
\c@MaxMatrixCols=\count191
\dotsspace@=\muskip16
\c@parentequation=\count192
\dspbrk@lvl=\count193
\tag@help=\toks18
\row@=\count194
\column@=\count195
\maxfields@=\count196
\andhelp@=\toks19
\eqnshift@=\dimen141
\alignsep@=\dimen142
\tagshift@=\dimen143
\tagwidth@=\dimen144
\totwidth@=\dimen145
\lineht@=\dimen146
\@envbody=\toks20
\multlinegap=\skip65
\multlinetaggap=\skip66
\mathdisplay@stack=\toks21
LaTeX Info: Redefining \[ on input line 2855.
LaTeX Info: Redefining \] on input line 2856.
)
("C:\Program Files\MiKTeX\tex/latex/amsfonts\amsfonts.sty"
Package: amsfonts 2013/01/14 v3.01 Basic AMSFonts support
\symAMSa=\mathgroup4
\symAMSb=\mathgroup5
LaTeX Font Info:    Redeclaring math symbol \hbar on input line 98.
LaTeX Font Info:    Overwriting math alphabet `\mathfrak' in version `bold'
(Font)                  U/euf/m/n --> U/euf/b/n on input line 106.
)
("C:\Program Files\MiKTeX\tex/latex/setspace\setspace.sty"
Package: setspace 2011/12/19 v6.7a set line spacing
)
Package scrhack Info: loading setspace hack on input line 26.

("C:\Program Files\MiKTeX\tex/latex/koma-script\setspace.hak"
File: setspace.hak 2019/10/12 v3.27 KOMA-Script scrhack part (hacking package s
etspace)
)
("C:\Program Files\MiKTeX\tex/latex/geometry\geometry.sty"
Package: geometry 2018/04/16 v5.8 Page Geometry

("C:\Program Files\MiKTeX\tex/generic/iftex\ifpdf.sty"
Package: ifpdf 2019/10/25 v3.4 ifpdf legacy package. Use iftex instead.

("C:\Program Files\MiKTeX\tex/generic/iftex\iftex.sty"
Package: iftex 2019/11/07 v1.0c TeX engine tests
))
("C:\Program Files\MiKTeX\tex/generic/iftex\ifvtex.sty"
Package: ifvtex 2019/10/25 v1.7 ifvtex legacy package. Use iftex instead.
)
("C:\Program Files\MiKTeX\tex/generic/iftex\ifxetex.sty"
Package: ifxetex 2019/10/25 v0.7 ifxetex legacy package. Use iftex instead.
)
\Gm@cnth=\count197
\Gm@cntv=\count198
\c@Gm@tempcnt=\count199
\Gm@bindingoffset=\dimen147
\Gm@wd@mp=\dimen148
\Gm@odd@mp=\dimen149
\Gm@even@mp=\dimen150
\Gm@layoutwidth=\dimen151
\Gm@layoutheight=\dimen152
\Gm@layouthoffset=\dimen153
\Gm@layoutvoffset=\dimen154
\Gm@dimlist=\toks22

("C:\Program Files\MiKTeX\tex/latex/geometry\geometry.cfg"))
("C:\Program Files\MiKTeX\tex/latex/url\url.sty"
\Urlmuskip=\muskip17
Package: url 2013/09/16  ver 3.4  Verb mode for urls, etc.
)
("C:\Program Files\MiKTeX\tex/latex/float\float.sty"
Package: float 2001/11/08 v1.3d Float enhancements (AL)
\c@float@type=\count266
\float@exts=\toks23
\float@box=\box50
\@float@everytoks=\toks24
\@floatcapt=\box51
)
Package scrhack Info: loading float hack on input line 32.

("C:\Program Files\MiKTeX\tex/latex/koma-script\float.hak"
File: float.hak 2019/10/12 v3.27 KOMA-Script scrhack part (hacking package floa
t)
Package scrhack Info: redefining \newfloat on input line 163.
Package scrhack Info: redefining \listof on input line 163.
Package scrhack Info: undefining \float@addtolists on input line 163.
)
("C:\Program Files\MiKTeX\tex/latex/nomencl\nomencl.sty"
Package: nomencl 2019/05/05 v5.2 Nomenclature package

("C:\Program Files\MiKTeX\tex/latex/xkeyval\xkeyval.sty"
Package: xkeyval 2014/12/03 v2.7a package option processing (HA)

("C:\Program Files\MiKTeX\tex/generic/xkeyval\xkeyval.tex"
("C:\Program Files\MiKTeX\tex/generic/xkeyval\xkvutils.tex"
\XKV@toks=\toks25
\XKV@tempa@toks=\toks26
)
\XKV@depth=\count267
File: xkeyval.tex 2014/12/03 v2.7a key=value parser (HA)
))
("C:\Program Files\MiKTeX\tex/latex/base\ifthen.sty"
Package: ifthen 2014/09/29 v1.1c Standard LaTeX ifthen package (DPC)
)
Package tocbasic Info: setting babel extension for `nlo' on input line 155.
Package tocbasic Info: setting babel extension for `nls' on input line 156.
\nomlabelwidth=\dimen155
\nom@tempdim=\dimen156
\nomitemsep=\skip67
)
Package scrhack Info: loading nomencl hack on input line 36.

("C:\Program Files\MiKTeX\tex/latex/koma-script\nomencl.hak"
File: nomencl.hak 2019/10/12 v3.27 KOMA-Script scrhack part (hacking package no
mencl)
Package scrhack Info: only `tocbasic' loaded for `nomencl' on input line 79.
)
Package scrhack Info: hyperref hack deactivated because of
(scrhack)             detection of KOMA-Script class, that doesn't
(scrhack)             need that hack, on input line 65.

("C:\Program Files\MiKTeX\tex/latex/hyperref\hyperref.sty"
Package: hyperref 2019/11/10 v7.00c Hypertext links for LaTeX

("C:\Program Files\MiKTeX\tex/generic/oberdiek\ltxcmds.sty"
Package: ltxcmds 2016/05/16 v1.23 LaTeX kernel commands for general use (HO)
)
("C:\Program Files\MiKTeX\tex/generic/oberdiek\pdftexcmds.sty"
Package: pdftexcmds 2019/07/25 v0.30 Utility functions of pdfTeX for LuaTeX (HO
)

("C:\Program Files\MiKTeX\tex/generic/oberdiek\infwarerr.sty"
Package: infwarerr 2016/05/16 v1.4 Providing info/warning/error messages (HO)
)
("C:\Program Files\MiKTeX\tex/generic/iftex\ifluatex.sty"
Package: ifluatex 2019/10/25 v1.5 ifluatex legacy package. Use iftex instead.
)
Package pdftexcmds Info: LuaTeX not detected.
Package pdftexcmds Info: \pdf@primitive is available.
Package pdftexcmds Info: \pdf@ifprimitive is available.
Package pdftexcmds Info: \pdfdraftmode found.
)
("C:\Program Files\MiKTeX\tex/generic/oberdiek\kvsetkeys.sty"
Package: kvsetkeys 2016/05/16 v1.17 Key value parser (HO)

("C:\Program Files\MiKTeX\tex/generic/oberdiek\etexcmds.sty"
Package: etexcmds 2016/05/16 v1.6 Avoid name clashes with e-TeX commands (HO)
))
("C:\Program Files\MiKTeX\tex/generic/oberdiek\kvdefinekeys.sty"
Package: kvdefinekeys 2016/05/16 v1.4 Define keys (HO)
)
("C:\Program Files\MiKTeX\tex/generic/oberdiek\pdfescape.sty"
Package: pdfescape 2016/05/16 v1.14 Implements pdfTeX's escape features (HO)
)
("C:\Program Files\MiKTeX\tex/latex/oberdiek\hycolor.sty"
Package: hycolor 2016/05/16 v1.8 Color options for hyperref/bookmark (HO)

("C:\Program Files\MiKTeX\tex/latex/oberdiek\xcolor-patch.sty"
Package: xcolor-patch 2016/05/16 xcolor patch

("C:\Program Files\MiKTeX\tex/latex/oberdiek\hopatch.sty"
Package: hopatch 2016/05/16 v1.3 Wrapper for package hooks (HO)
)))
("C:\Program Files\MiKTeX\tex/latex/oberdiek\letltxmacro.sty"
Package: letltxmacro 2016/05/16 v1.5 Let assignment for LaTeX macros (HO)
)
("C:\Program Files\MiKTeX\tex/latex/oberdiek\auxhook.sty"
Package: auxhook 2016/05/16 v1.4 Hooks for auxiliary files (HO)
)
("C:\Program Files\MiKTeX\tex/latex/oberdiek\kvoptions.sty"
Package: kvoptions 2016/05/16 v3.12 Key value format for package options (HO)
)
\@linkdim=\dimen157
\Hy@linkcounter=\count268
\Hy@pagecounter=\count269

("C:\Program Files\MiKTeX\tex/latex/hyperref\pd1enc.def"
File: pd1enc.def 2019/11/10 v7.00c Hyperref: PDFDocEncoding definition (HO)
Now handling font encoding PD1 ...
... no UTF-8 mapping file for font encoding PD1
)
("C:\Program Files\MiKTeX\tex/generic/oberdiek\intcalc.sty"
Package: intcalc 2016/05/16 v1.2 Expandable calculations with integers (HO)
)
\Hy@SavedSpaceFactor=\count270

("C:\Program Files\MiKTeX\tex/latex/00miktex\hyperref.cfg"
File: hyperref.cfg 2002/06/06 v1.2 hyperref configuration of TeXLive
)
Package hyperref Info: Option `final' set `true' on input line 4409.
Package hyperref Info: Option `bookmarks' set `true' on input line 4409.
Package hyperref Info: Option `bookmarksopen' set `true' on input line 4409.
Package hyperref Info: Option `colorlinks' set `true' on input line 4409.
Package hyperref Info: Option `plainpages' set `false' on input line 4409.
Package hyperref Info: Option `pdfpagelabels' set `true' on input line 4409.
Package hyperref Info: Option `hypertexnames' set `false' on input line 4409.
Package hyperref Info: Option `linktocpage' set `true' on input line 4409.
Package hyperref Info: Option `pdfusetitle' set `true' on input line 4409.
Package hyperref Info: Hyper figures OFF on input line 4535.
Package hyperref Info: Link nesting OFF on input line 4540.
Package hyperref Info: Hyper index ON on input line 4543.
Package hyperref Info: Plain pages OFF on input line 4550.
Package hyperref Info: Backreferencing OFF on input line 4555.
Package hyperref Info: Implicit mode ON; LaTeX internals redefined.
Package hyperref Info: Bookmarks ON on input line 4788.
\c@Hy@tempcnt=\count271
LaTeX Info: Redefining \url on input line 5147.
\XeTeXLinkMargin=\dimen158

("C:\Program Files\MiKTeX\tex/generic/oberdiek\bitset.sty"
Package: bitset 2016/05/16 v1.2 Handle bit-vector datatype (HO)

("C:\Program Files\MiKTeX\tex/generic/oberdiek\bigintcalc.sty"
Package: bigintcalc 2016/05/16 v1.4 Expandable calculations on big integers (HO
)
))
\Fld@menulength=\count272
\Field@Width=\dimen159
\Fld@charsize=\dimen160
Package hyperref Info: Hyper figures OFF on input line 6418.
Package hyperref Info: Link nesting OFF on input line 6423.
Package hyperref Info: Hyper index ON on input line 6426.
Package hyperref Info: backreferencing OFF on input line 6433.
Package hyperref Info: Link coloring ON on input line 6436.
Package hyperref Info: Link coloring with OCG OFF on input line 6443.
Package hyperref Info: PDF/A mode OFF on input line 6448.
LaTeX Info: Redefining \ref on input line 6488.
LaTeX Info: Redefining \pageref on input line 6492.

("C:\Program Files\MiKTeX\tex/generic/oberdiek\atbegshi.sty"
Package: atbegshi 2016/06/09 v1.18 At begin shipout hook (HO)
)
\Hy@abspage=\count273
\c@Item=\count274
\c@Hfootnote=\count275
)
Package hyperref Info: Driver (autodetected): hpdftex.

("C:\Program Files\MiKTeX\tex/latex/hyperref\hpdftex.def"
File: hpdftex.def 2019/11/10 v7.00c Hyperref driver for pdfTeX

("C:\Program Files\MiKTeX\tex/latex/oberdiek\atveryend.sty"
Package: atveryend 2016/05/16 v1.9 Hooks at the very end of document (HO)
)
\Fld@listcount=\count276
\c@bookmark@seq@number=\count277

("C:\Program Files\MiKTeX\tex/latex/oberdiek\rerunfilecheck.sty"
Package: rerunfilecheck 2016/05/16 v1.8 Rerun checks for auxiliary files (HO)

("C:\Program Files\MiKTeX\tex/generic/oberdiek\uniquecounter.sty"
Package: uniquecounter 2016/05/16 v1.3 Provide unlimited unique counter (HO)
)
Package uniquecounter Info: New unique counter `rerunfilecheck' on input line 2
82.
)
\Hy@SectionHShift=\skip68
)
("C:\Program Files\MiKTeX\tex/latex/listings\listings.sty"
\lst@mode=\count278
\lst@gtempboxa=\box52
\lst@token=\toks27
\lst@length=\count279
\lst@currlwidth=\dimen161
\lst@column=\count280
\lst@pos=\count281
\lst@lostspace=\dimen162
\lst@width=\dimen163
\lst@newlines=\count282
\lst@lineno=\count283
\lst@maxwidth=\dimen164

("C:\Program Files\MiKTeX\tex/latex/listings\lstmisc.sty"
File: lstmisc.sty 2019/09/10 1.8c (Carsten Heinz)
\c@lstnumber=\count284
\lst@skipnumbers=\count285
\lst@framebox=\box53
)
("C:\Program Files\MiKTeX\tex/latex/listings\listings.cfg"
File: listings.cfg 2019/09/10 1.8c listings configuration
))
Package scrhack Info: loading listings hack on input line 69.

("C:\Program Files\MiKTeX\tex/latex/koma-script\listings.hak"
File: listings.hak 2019/10/12 v3.27 KOMA-Script scrhack part (hacking package l
istings)
Package tocbasic Info: setting babel extension for `lol' on input line 137.
Package scrhack Info: redefining \lstlistoflistings on input line 137.
)
Package: listings 2019/09/10 1.8c (Carsten Heinz)

("C:\Program Files\MiKTeX\tex/latex/xcolor\xcolor.sty"
Package: xcolor 2016/05/11 v2.12 LaTeX color extensions (UK)

("C:\Program Files\MiKTeX\tex/latex/graphics-cfg\color.cfg"
File: color.cfg 2016/01/02 v1.6 sample color configuration
)
Package xcolor Info: Driver file: pdftex.def on input line 225.

("C:\Program Files\MiKTeX\tex/latex/graphics-def\pdftex.def"
File: pdftex.def 2018/01/08 v1.0l Graphics/color driver for pdftex
)
Package xcolor Info: Model `cmy' substituted by `cmy0' on input line 1348.
Package xcolor Info: Model `RGB' extended on input line 1364.
Package xcolor Info: Model `HTML' substituted by `rgb' on input line 1366.
Package xcolor Info: Model `Hsb' substituted by `hsb' on input line 1367.
Package xcolor Info: Model `tHsb' substituted by `hsb' on input line 1368.
Package xcolor Info: Model `HSB' substituted by `hsb' on input line 1369.
Package xcolor Info: Model `Gray' substituted by `gray' on input line 1370.
Package xcolor Info: Model `wave' substituted by `hsb' on input line 1371.
)
("C:\Program Files\MiKTeX\tex/latex/tools\tabularx.sty"
Package: tabularx 2016/02/03 v2.11b `tabularx' package (DPC)

("C:\Program Files\MiKTeX\tex/latex/tools\array.sty"
Package: array 2019/08/31 v2.4l Tabular extension package (FMi)
\col@sep=\dimen165
\ar@mcellbox=\box54
\extrarowheight=\dimen166
\NC@list=\toks28
\extratabsurround=\skip69
\backup@length=\skip70
\ar@cellbox=\box55
)
\TX@col@width=\dimen167
\TX@old@table=\dimen168
\TX@old@col=\dimen169
\TX@target=\dimen170
\TX@delta=\dimen171
\TX@cols=\count286
\TX@ftn=\toks29
)
("C:\Program Files\MiKTeX\tex/latex/chngcntr\chngcntr.sty"
Package: chngcntr 2018/04/09 v1.1a change counter resetting
Package chngcntr Info: \counterwithout already defined.
(chngcntr)             Quitting chngcntr on input line 21.
)
("C:\Program Files\MiKTeX\tex/latex/tools\xspace.sty"
Package: xspace 2014/10/28 v1.13 Space after command names (DPC,MH)
)
("C:\Program Files\MiKTeX\tex/latex/glossaries/base\glossaries.sty"
Package: glossaries 2019/09/28 v4.43 (NLCT)

("C:\Program Files\MiKTeX\tex/latex/mfirstuc\mfirstuc.sty"
Package: mfirstuc 2017/11/14 v2.06 (NLCT)
\@glsmfirst=\toks30
\@glsmrest=\toks31
)
("C:\Program Files\MiKTeX\tex/latex/textcase\textcase.sty"
Package: textcase 2019/09/14 v1.00 Text only upper/lower case changing (DPC)
)
("C:\Program Files\MiKTeX\tex/latex/xfor\xfor.sty"
Package: xfor 2009/02/05 v1.05 (NLCT)
)
("C:\Program Files\MiKTeX\tex/latex/datatool\datatool-base.sty"
Package: datatool-base 2019/09/27 v2.32 (NLCT)

("C:\Program Files\MiKTeX\tex/latex/substr\substr.sty"
Package: substr 2009/10/20 v1.2 Handle substrings
\c@su@anzahl=\count287
)
("C:\Program Files\MiKTeX\tex/latex/datatool\datatool-fp.sty"
Package: datatool-fp 2019/09/27 v2.32 (NLCT)

("C:\Program Files\MiKTeX\tex/latex/fp\fp.sty"
Package: fp 1995/04/02

`Fixed Point Package', Version 0.8, April 2, 1995 (C) Michael Mehlich
("C:\Program Files\MiKTeX\tex/latex/fp\defpattern.sty"
Package: defpattern 1994/10/12
\actioncount=\count288
)
("C:\Program Files\MiKTeX\tex/latex/fp\fp-basic.sty"
Package: fp-basic 1996/05/13
\FP@xs=\count289
\FP@xia=\count290
\FP@xib=\count291
\FP@xfa=\count292
\FP@xfb=\count293
\FP@rega=\count294
\FP@regb=\count295
\FP@regs=\count296
\FP@times=\count297
)
("C:\Program Files\MiKTeX\tex/latex/fp\fp-addons.sty"
Package: fp-addons 1995/03/15
)
("C:\Program Files\MiKTeX\tex/latex/fp\fp-snap.sty"
Package: fp-snap 1995/04/05
)
("C:\Program Files\MiKTeX\tex/latex/fp\fp-exp.sty"
Package: fp-exp 1995/04/03
)
("C:\Program Files\MiKTeX\tex/latex/fp\fp-trigo.sty"
Package: fp-trigo 1995/04/14
)
("C:\Program Files\MiKTeX\tex/latex/fp\fp-pas.sty"
Package: fp-pas 1994/08/29
)
("C:\Program Files\MiKTeX\tex/latex/fp\fp-random.sty"
Package: fp-random 1995/02/23
\FPseed=\count298
)
("C:\Program Files\MiKTeX\tex/latex/fp\fp-eqn.sty"
Package: fp-eqn 1995/04/03
)
("C:\Program Files\MiKTeX\tex/latex/fp\fp-upn.sty"
Package: fp-upn 1996/10/21
)
("C:\Program Files\MiKTeX\tex/latex/fp\fp-eval.sty"
Package: fp-eval 1995/04/03
)))
\@dtl@toks=\toks32
\@dtl@tmpcount=\count299
\dtl@tmplength=\skip71
\dtl@sortresult=\count300
\@dtl@numgrpsepcount=\count301
\@dtl@datatype=\count302
\dtl@codeA=\count303
\dtl@codeB=\count304
\@dtl@foreach@level=\count305
)
("C:\Program Files\MiKTeX\tex/latex/glossaries/base\glossaries-compatible-307.s
ty"
Package: glossaries-compatible-307 2019/09/28 v4.43 (NLCT)
) ("C:\Program Files\MiKTeX\tex/latex/tracklang\tracklang.sty"
Package: tracklang 2019/11/11 v1.3.9 (NLCT) Track Languages

("C:\Program Files\MiKTeX\tex/generic/tracklang\tracklang.tex"))
("C:\Program Files\MiKTeX\tex/latex/translator\translator.sty"
Package: translator 2019-05-31 v1.12a Easy translation of strings in LaTeX
)
("C:\Program Files\MiKTeX\tex/latex/glossaries-german\glossaries-german.ldf"
File: glossaries-german.ldf 2014/11/23 v1.0
)
\gls@level=\count306
\@gls@tmpb=\toks33
\gls@tmplen=\skip72
\glskeylisttok=\toks34
\glslabeltok=\toks35
\glsshorttok=\toks36
\glslongtok=\toks37

("C:\Program Files\MiKTeX\tex/latex/glossaries/styles\glossary-hypernav.sty"
Package: glossary-hypernav 2019/09/28 v4.43 (NLCT)
)
("C:\Program Files\MiKTeX\tex/latex/glossaries/styles\glossary-list.sty"
Package: glossary-list 2019/09/28 v4.43 (NLCT)
\glslistdottedwidth=\skip73
)
("C:\Program Files\MiKTeX\tex/latex/glossaries/styles\glossary-long.sty"
Package: glossary-long 2019/09/28 v4.43 (NLCT)

("C:\Program Files\MiKTeX\tex/latex/tools\longtable.sty"
Package: longtable 2019/02/06 v4.12 Multi-page Table package (DPC)
\LTleft=\skip74
\LTright=\skip75
\LTpre=\skip76
\LTpost=\skip77
\LTchunksize=\count307
\LTcapwidth=\dimen172
\LT@head=\box56
\LT@firsthead=\box57
\LT@foot=\box58
\LT@lastfoot=\box59
\LT@cols=\count308
\LT@rows=\count309
\c@LT@tables=\count310
\c@LT@chunks=\count311
\LT@p@ftn=\toks38
)
Class scrreprt Info: longtable captions redefined on input line 43.
\glsdescwidth=\skip78
\glspagelistwidth=\skip79
)
("C:\Program Files\MiKTeX\tex/latex/glossaries/styles\glossary-super.sty"
Package: glossary-super 2019/09/28 v4.43 (NLCT)

("C:\Program Files\MiKTeX\tex/latex/supertabular\supertabular.sty"
Package: supertabular 2004/02/20 v4.1e the supertabular environment
\c@tracingst=\count312
\ST@wd=\dimen173
\ST@rightskip=\skip80
\ST@leftskip=\skip81
\ST@parfillskip=\skip82
\ST@pageleft=\dimen174
\ST@headht=\dimen175
\ST@tailht=\dimen176
\ST@pagesofar=\dimen177
\ST@pboxht=\dimen178
\ST@lineht=\dimen179
\ST@stretchht=\dimen180
\ST@prevht=\dimen181
\ST@toadd=\dimen182
\ST@dimen=\dimen183
\ST@pbox=\box60
))
("C:\Program Files\MiKTeX\tex/latex/glossaries/styles\glossary-tree.sty"
Package: glossary-tree 2019/09/28 v4.43 (NLCT)
\glstreeindent=\skip83
)))
("C:\Program Files\MiKTeX\tex/latex/caption\totalcount.sty"
Package: totalcount 2018/01/21 v1.0a Total values of counters (AR)
\c@totalcount@figure=\count313
\c@totalcount@table=\count314
\c@totalcount@lstlisting=\count315
) (Meta.tex
("C:\Program Files\MiKTeX\tex/latex/base\fontenc.sty"
Package: fontenc 2018/08/11 v2.0j Standard LaTeX package

("C:\Program Files\MiKTeX\tex/latex/base\t1enc.def"
File: t1enc.def 2018/08/11 v2.0j Standard LaTeX file
LaTeX Font Info:    Redeclaring font encoding T1 on input line 48.
))
("C:\Program Files\MiKTeX\tex/latex/pdfpages\pdfpages.sty"
Package: pdfpages 2020/01/28 v0.5q Insert pages of external PDF documents (AM)

("C:\Program Files\MiKTeX\tex/latex/tools\calc.sty"
Package: calc 2017/05/25 v4.3 Infix arithmetic (KKT,FJ)
\calc@Acount=\count316
\calc@Bcount=\count317
\calc@Adimen=\dimen184
\calc@Bdimen=\dimen185
\calc@Askip=\skip84
\calc@Bskip=\skip85
LaTeX Info: Redefining \setlength on input line 80.
LaTeX Info: Redefining \addtolength on input line 81.
\calc@Ccount=\count318
\calc@Cskip=\skip86
)
("C:\Program Files\MiKTeX\tex/latex/eso-pic\eso-pic.sty"
Package: eso-pic 2018/04/12 v2.0h eso-pic (RN)
)
\AM@pagewidth=\dimen186
\AM@pageheight=\dimen187

("C:\Program Files\MiKTeX\tex/latex/pdfpages\pppdftex.def"
File: pppdftex.def 2020/01/28 v0.5q Pdfpages driver for pdfTeX (AM)
)
\AM@pagebox=\box61
\AM@global@opts=\toks39
\AM@pagecnt=\count319
\AM@toc@title=\toks40
\c@AM@survey=\count320
\AM@templatesizebox=\box62
))
\@indexfile=\write3
\openout3 = `Arbeit.idx'.


Writing index file Arbeit.idx
\@nomenclaturefile=\write4
\openout4 = `Arbeit.nlo'.

Package nomencl Info: Writing nomenclature file Arbeit.nlo on input line 33.
\glswrite=\write5
\glo@main@file=\write6
\openout6 = `Arbeit.glo'.

Package glossaries Info: Writing glossary file Arbeit.glo on input line 34.
(Seitenstil.tex)
\@input{Silbentrennung.aux}
\openout2 = `Silbentrennung.aux'.

(Silbentrennung.tex)
\@input{Befehle.aux}
\openout2 = `Befehle.aux'.

(Befehle.tex) (Arbeit.aux (Deckblatt.aux) (Inhalt/Einleitung.aux)
(Inhalt/Grundlagen.aux) (Inhalt/Ansaetze.aux) (Inhalt/Implementation.aux

LaTeX Warning: Label `lst:PlayerScriptCityActions' multiply defined.

) (Inhalt/Evaluation.aux) (Inhalt/Ausblick.aux))
\openout1 = `Arbeit.aux'.

LaTeX Font Info:    Checking defaults for OML/cmm/m/it on input line 48.
LaTeX Font Info:    ... okay on input line 48.
LaTeX Font Info:    Checking defaults for T1/cmr/m/n on input line 48.
LaTeX Font Info:    ... okay on input line 48.
LaTeX Font Info:    Checking defaults for OT1/cmr/m/n on input line 48.
LaTeX Font Info:    ... okay on input line 48.
LaTeX Font Info:    Checking defaults for OMS/cmsy/m/n on input line 48.
LaTeX Font Info:    ... okay on input line 48.
LaTeX Font Info:    Checking defaults for OMX/cmex/m/n on input line 48.
LaTeX Font Info:    ... okay on input line 48.
LaTeX Font Info:    Checking defaults for U/cmr/m/n on input line 48.
LaTeX Font Info:    ... okay on input line 48.
LaTeX Font Info:    Checking defaults for TS1/cmr/m/n on input line 48.
LaTeX Font Info:    Trying to load font information for TS1+cmr on input line 4
8.

("C:\Program Files\MiKTeX\tex/latex/base\ts1cmr.fd"
File: ts1cmr.fd 2014/09/29 v2.5h Standard LaTeX font definitions
)
LaTeX Font Info:    ... okay on input line 48.
LaTeX Font Info:    Checking defaults for PD1/pdf/m/n on input line 48.
LaTeX Font Info:    ... okay on input line 48.
LaTeX Font Info:    Trying to load font information for T1+lmr on input line 48
.

("C:\Program Files\MiKTeX\tex/latex/lm\t1lmr.fd"
File: t1lmr.fd 2009/10/30 v1.6 Font defs for Latin Modern
)
*geometry* driver: auto-detecting
*geometry* detected driver: pdftex
*geometry* verbose mode - [ preamble ] result:
* driver: pdftex
* paper: a4paper
* layout: <same size as paper>
* layoutoffset:(h,v)=(0.0pt,0.0pt)
* modes: twoside 
* h-part:(L,W,R)=(99.58464pt, 426.79135pt, 71.13188pt)
* v-part:(T,H,B)=(71.13188pt, 691.40215pt, 82.51282pt)
* \paperwidth=597.50787pt
* \paperheight=845.04684pt
* \textwidth=426.79135pt
* \textheight=691.40215pt
* \oddsidemargin=27.31465pt
* \evensidemargin=-1.1381pt
* \topmargin=-35.20993pt
* \headheight=17.0pt
* \headsep=17.07182pt
* \topskip=9.51996pt
* \footskip=47.6pt
* \marginparwidth=89.62619pt
* \marginparsep=12.8401pt
* \columnsep=10.0pt
* \skip\footins=10.0pt plus 4.0pt minus 2.0pt
* \hoffset=0.0pt
* \voffset=0.0pt
* \mag=1000
* \@twocolumnfalse
* \@twosidetrue
* \@mparswitchtrue
* \@reversemarginfalse
* (1in=72.27pt=25.4mm, 1cm=28.453pt)

\AtBeginShipoutBox=\box63
Package hyperref Info: Link coloring ON on input line 48.
("C:\Program Files\MiKTeX\tex/latex/hyperref\nameref.sty"
Package: nameref 2019/09/16 v2.46 Cross-referencing by name of section

("C:\Program Files\MiKTeX\tex/latex/oberdiek\refcount.sty"
Package: refcount 2016/05/16 v3.5 Data extraction from label references (HO)
)
("C:\Program Files\MiKTeX\tex/generic/oberdiek\gettitlestring.sty"
Package: gettitlestring 2016/05/16 v1.5 Cleanup title references (HO)
)
\c@section@level=\count321
)
LaTeX Info: Redefining \ref on input line 48.
LaTeX Info: Redefining \pageref on input line 48.
LaTeX Info: Redefining \nameref on input line 48.

(Arbeit.out) (Arbeit.out)
\@outlinefile=\write7
\openout7 = `Arbeit.out'.

Class scrreprt Info: loading recommended package `bookmark'.
(scrreprt)           Using `bookmark' together with `hyperref' is recommended,
(scrreprt)           because of handling of possible bookmark level gaps.
(scrreprt)           You can avoid loading `bookmark' with KOMA-Script option
(scrreprt)           `bookmarkpackage=false' before \begin{document} and
(scrreprt)           you can avoid this message adding:
(scrreprt)             \usepackage{bookmark}
(scrreprt)           before \begin{document} on input line 48.

("C:\Program Files\MiKTeX\tex/latex/oberdiek\bookmark.sty"
Package: bookmark 2019/06/04 v1.27 PDF bookmarks (HO)

("C:\Program Files\MiKTeX\tex/latex/oberdiek\bkm-pdftex.def"
File: bkm-pdftex.def 2019/06/04 v1.27 bookmark driver for pdfTeX (HO)
Package auxhook Info: \AddLineBeginMainAux comes a little late,
(auxhook)             because the main .aux file is already opened on input lin
e 164.
\BKM@id=\count322
))
\c@lstlisting=\count323
Package scrhack Info: undefining \float@addtolists on input line 48.

("C:\Program Files\MiKTeX\tex/context/base/mkii\supp-pdf.mkii"
[Loading MPS to PDF converter (version 2006.09.02).]
\scratchcounter=\count324
\scratchdimen=\dimen188
\scratchbox=\box64
\nofMPsegments=\count325
\nofMParguments=\count326
\everyMPshowfont=\toks41
\MPscratchCnt=\count327
\MPscratchDim=\dimen189
\MPnumerator=\count328
\makeMPintoPDFobject=\count329
\everyMPtoPDFconversion=\toks42
) ("C:\Program Files\MiKTeX\tex/latex/oberdiek\epstopdf-base.sty"
Package: epstopdf-base 2016/05/15 v2.6 Base part for package epstopdf

("C:\Program Files\MiKTeX\tex/latex/oberdiek\grfext.sty"
Package: grfext 2016/05/16 v1.2 Manage graphics extensions (HO)
)
Package epstopdf-base Info: Redefining graphics rule for `.eps' on input line 4
38.
Package grfext Info: Graphics extension search list:
(grfext)             [.pdf,.png,.jpg,.mps,.jpeg,.jbig2,.jb2,.PDF,.PNG,.JPG,.JPE
G,.JBIG2,.JB2,.eps]
(grfext)             \AppendGraphicsExtensions on input line 456.
)
("C:\Program Files\MiKTeX\tex/latex/glossaries-english\glossaries-dictionary-En
glish.dict"
Dictionary: glossaries-dictionary, Language: English 
)
("C:\Program Files\MiKTeX\tex/latex/glossaries-german\glossaries-dictionary-Ger
man.dict"
Dictionary: glossaries-dictionary, Language: German 
) (Arbeit.glsdefs)
("C:\Program Files\MiKTeX\tex/latex/oberdiek\pdflscape.sty"
Package: pdflscape 2016/05/14 v0.11 Display of landscape pages in PDF (HO)

("C:\Program Files\MiKTeX\tex/latex/graphics\lscape.sty"
Package: lscape 2000/10/22 v3.01 Landscape Pages (DPC)
)
Package scrhack Info: loading lscape hack on input line 76.

("C:\Program Files\MiKTeX\tex/latex/koma-script\lscape.hak"
File: lscape.hak 2019/10/12 v3.27 KOMA-Script scrhack part (hacking package lsc
ape)
Package scrhack Info: \landscape patched to make \textheight change optional on
 input line 90.
\scrh@LT@textheight=\skip87
)
Package pdflscape Info: Auto-detected driver: pdftex on input line 81.
)
\openout2 = `Deckblatt.aux'.

 (Deckblatt.tex
*geometry* verbose mode - [ newgeometry ] result:
* driver: pdftex
* paper: a4paper
* layout: <same size as paper>
* layoutoffset:(h,v)=(0.0pt,0.0pt)
* modes: twoside 
* h-part:(L,W,R)=(56.9055pt, 483.69687pt, 56.9055pt)
* v-part:(T,H,B)=(56.9055pt, 731.23584pt, 56.9055pt)
* \paperwidth=597.50787pt
* \paperheight=845.04684pt
* \textwidth=483.69687pt
* \textheight=731.23584pt
* \oddsidemargin=-15.36449pt
* \evensidemargin=-15.36449pt
* \topmargin=-49.43631pt
* \headheight=17.0pt
* \headsep=17.07182pt
* \topskip=9.51996pt
* \footskip=47.6pt
* \marginparwidth=89.62619pt
* \marginparsep=12.8401pt
* \columnsep=10.0pt
* \skip\footins=10.0pt plus 4.0pt minus 2.0pt
* \hoffset=0.0pt
* \voffset=0.0pt
* \mag=1000
* \@twocolumnfalse
* \@twosidetrue
* \@mparswitchtrue
* \@reversemarginfalse
* (1in=72.27pt=25.4mm, 1cm=28.453pt)

<uni_hi_logo.pdf, id=3, 963.6pt x 962.59625pt>
File: uni_hi_logo.pdf Graphic file (type pdf)
<use uni_hi_logo.pdf>
Package pdftex.def Info: uni_hi_logo.pdf  used on input line 11.
(pdftex.def)             Requested size: 83.8384pt x 83.75107pt.

[1
Non-PDF special ignored!
<special> papersize=597.50787pt,845.04684pt

\openout5 = `Arbeit.ist'.









{C:/Users/tjark/AppData/Local/MiKTeX/2.9/pdftex/config/pdftex.map} <./uni_hi_lo
go.pdf>])
LaTeX Font Info:    Trying to load font information for T1+lmss on input line 8
1.
 ("C:\Program Files\MiKTeX\tex/latex/lm\t1lmss.fd"
File: t1lmss.fd 2009/10/30 v1.6 Font defs for Latin Modern
) (Arbeit.toc
LaTeX Font Info:    Trying to load font information for OT1+lmr on input line 7
.

("C:\Program Files\MiKTeX\tex/latex/lm\ot1lmr.fd"
File: ot1lmr.fd 2009/10/30 v1.6 Font defs for Latin Modern
)
LaTeX Font Info:    Trying to load font information for OML+lmm on input line 7
.

("C:\Program Files\MiKTeX\tex/latex/lm\omllmm.fd"
File: omllmm.fd 2009/10/30 v1.6 Font defs for Latin Modern
)
LaTeX Font Info:    Trying to load font information for OMS+lmsy on input line 
7.

("C:\Program Files\MiKTeX\tex/latex/lm\omslmsy.fd"
File: omslmsy.fd 2009/10/30 v1.6 Font defs for Latin Modern
)
LaTeX Font Info:    Trying to load font information for OMX+lmex on input line 
7.

("C:\Program Files\MiKTeX\tex/latex/lm\omxlmex.fd"
File: omxlmex.fd 2009/10/30 v1.6 Font defs for Latin Modern
)
LaTeX Font Info:    External font `lmex10' loaded for size
(Font)              <10.95> on input line 7.
LaTeX Font Info:    External font `lmex10' loaded for size
(Font)              <8> on input line 7.
LaTeX Font Info:    External font `lmex10' loaded for size
(Font)              <6> on input line 7.
LaTeX Font Info:    Trying to load font information for U+msa on input line 7.

("C:\Program Files\MiKTeX\tex/latex/amsfonts\umsa.fd"
File: umsa.fd 2013/01/14 v3.01 AMS symbols A
)
LaTeX Font Info:    Trying to load font information for U+msb on input line 7.

("C:\Program Files\MiKTeX\tex/latex/amsfonts\umsb.fd"
File: umsb.fd 2013/01/14 v3.01 AMS symbols B
) [1



])
\tf@toc=\write8
\openout8 = `Arbeit.toc'.

 (Inhalt/Glossar.tex
\@gls@deffile=\write9
\openout9 = `Arbeit.glsdefs'.

) (Arbeit.gls

Package scrlayer-scrpage Warning: \headheight to low.
(scrlayer-scrpage)                At least 27.2pt needed,
(scrlayer-scrpage)                but only 17.0pt found.
(scrlayer-scrpage)                I'll enlarge \headheight, for further
(scrlayer-scrpage)                processing, but you should do this yourself,
(scrlayer-scrpage)                e.g., setting geometry's option
(scrlayer-scrpage)                `head=27.2pt'.
(scrlayer-scrpage)                I'll also decrease \topmargin on input line 1
.


Overfull \vbox (10.2pt too high) has occurred while \output is active []

 [2])
[3


] (Arbeit.lof)
\tf@lof=\write10
\openout10 = `Arbeit.lof'.

 (Arbeit.lot)
\tf@lot=\write11
\openout11 = `Arbeit.lot'.

 [4

] (Arbeit.lol)
\tf@lol=\write12
\openout12 = `Arbeit.lol'.

 [5

] (Inhalt.tex
\openout2 = `Inhalt/Einleitung.aux'.


(Inhalt/Einleitung.tex
chapter 1.
) [1



]
\openout2 = `Inhalt/Grundlagen.aux'.

 (Inhalt/Grundlagen.tex
chapter 2.

Underfull \hbox (badness 10000) in paragraph at lines 2--3

 []


Underfull \hbox (badness 10000) in paragraph at lines 4--5

 []

<Bilder/Architektur.png, id=256, 531.9875pt x 480.79625pt>
File: Bilder/Architektur.png Graphic file (type png)
<use Bilder/Architektur.png>
Package pdftex.def Info: Bilder/Architektur.png  used on input line 8.
(pdftex.def)             Requested size: 283.34012pt x 256.0748pt.

Underfull \hbox (badness 10000) in paragraph at lines 13--14

 []

[2



 <./Bilder/Architektur.png>]
Underfull \hbox (badness 10000) in paragraph at lines 15--16

 []

<Bilder/Architektur-analog-mensch.png, id=266, 639.38875pt x 480.79625pt>
File: Bilder/Architektur-analog-mensch.png Graphic file (type png)
<use Bilder/Architektur-analog-mensch.png>
Package pdftex.def Info: Bilder/Architektur-analog-mensch.png  used on input li
ne 19.
(pdftex.def)             Requested size: 340.54274pt x 256.0748pt.

Underfull \hbox (badness 10000) in paragraph at lines 24--25

 []

[3 <./Bilder/Architektur-analog-mensch.png>]
Underfull \hbox (badness 10000) in paragraph at lines 26--27

 []


Underfull \hbox (badness 10000) in paragraph at lines 29--30

 []


Underfull \hbox (badness 10000) in paragraph at lines 31--32

 []

[4]
<Bilder/WissensbasiertesSystem.png, id=283, 525.965pt x 269.005pt>
File: Bilder/WissensbasiertesSystem.png Graphic file (type png)
<use Bilder/WissensbasiertesSystem.png>
Package pdftex.def Info: Bilder/WissensbasiertesSystem.png  used on input line 
41.
(pdftex.def)             Requested size: 341.43306pt x 174.63362pt.

Underfull \hbox (badness 10000) in paragraph at lines 46--47

 []


Underfull \hbox (badness 10000) in paragraph at lines 48--51

 []

[5 <./Bilder/WissensbasiertesSystem.png>]
<Bilder/Fall.png, id=294, 513.92pt x 886.31125pt>
File: Bilder/Fall.png Graphic file (type png)
<use Bilder/Fall.png>
Package pdftex.def Info: Bilder/Fall.png  used on input line 56.
(pdftex.def)             Requested size: 222.73pt x 384.1122pt.


LaTeX Warning: `h' float specifier changed to `ht'.


Underfull \hbox (badness 10000) in paragraph at lines 60--61

 []


Underfull \hbox (badness 10000) in paragraph at lines 62--63

 []

[6]
Underfull \hbox (badness 10000) in paragraph at lines 64--65

 []


Underfull \hbox (badness 10000) in paragraph at lines 66--67

 []

[7 <./Bilder/Fall.png>]
Underfull \hbox (badness 10000) in paragraph at lines 71--72

 []


Underfull \hbox (badness 10000) in paragraph at lines 73--75

 []

[8]
Underfull \hbox (badness 10000) in paragraph at lines 76--78

 []


Underfull \hbox (badness 10000) in paragraph at lines 79--81

 []

[9]
Overfull \hbox (6.83154pt too wide) in paragraph at lines 84--85
[]\T1/lmr/m/n/10.95 Abschlieend lsst sich zu den ver-schie-de-nen Lern-stra-t
e-gi-en fest-hal-ten, dass, ob-wohl [[]]
 []


Underfull \hbox (badness 10000) in paragraph at lines 84--85

 []


Underfull \hbox (badness 10000) in paragraph at lines 87--88

 []

<Bilder/NN.png, id=330, 398.48875pt x 212.795pt>
File: Bilder/NN.png Graphic file (type png)
<use Bilder/NN.png>
Package pdftex.def Info: Bilder/NN.png  used on input line 91.
(pdftex.def)             Requested size: 213.1316pt x 113.81102pt.

Underfull \hbox (badness 10000) in paragraph at lines 105--106

 []

[10 <./Bilder/NN.png>]
Underfull \hbox (badness 10000) in paragraph at lines 107--108

 []


Underfull \hbox (badness 10000) in paragraph at lines 126--127

 []


Underfull \hbox (badness 10000) in paragraph at lines 128--129

 []


Underfull \hbox (badness 10000) in paragraph at lines 130--131

 []

[11]) [12]
\openout2 = `Inhalt/Ansaetze.aux'.

 (Inhalt/Ansaetze.tex
chapter 3.
[13



] [14] [15] [16]
<Bilder/Spielfeld-Blueprint.png, id=426, 408.02437pt x 365.11406pt>
File: Bilder/Spielfeld-Blueprint.png Graphic file (type png)
<use Bilder/Spielfeld-Blueprint.png>
Package pdftex.def Info: Bilder/Spielfeld-Blueprint.png  used on input line 91.

(pdftex.def)             Requested size: 170.71652pt x 152.76187pt.
 [17 <./Bilder/Spielfeld-Blueprint.png>] [18] [19] [20]
Overfull \hbox (4.85886pt too wide) in paragraph at lines 167--167
[]|\T1/lmr/m/n/10.95 Aktion/Antwort| 
 []


Underfull \hbox (badness 7326) in paragraph at lines 167--167
[]|\T1/lmr/m/n/10.95 Aufbau Spiel-
 []


Underfull \hbox (badness 10000) in paragraph at lines 167--167
[]|\T1/lmr/m/n/10.95 Nach In-itia-li-
 []


Underfull \hbox (badness 10000) in paragraph at lines 167--167
[]|\T1/lmr/m/n/10.95 Siedlungsbau-
 []


Underfull \hbox (badness 10000) in paragraph at lines 167--167
\T1/lmr/m/n/10.95 me-n ff-nen/
 []


Underfull \hbox (badness 10000) in paragraph at lines 167--167
[]|\T1/lmr/m/n/10.95 Men ff-nen,
 []


Underfull \hbox (badness 3601) in paragraph at lines 167--167
\T1/lmr/m/n/10.95 schlie-en oder
 []


Underfull \hbox (badness 5008) in paragraph at lines 167--167
\T1/lmr/m/n/10.95 bei ge-ff-ne-ten
 []


Underfull \hbox (badness 10000) in paragraph at lines 167--167
[]|\T1/lmr/m/n/10.95 Bau Sied-lung
 []


Underfull \hbox (badness 10000) in paragraph at lines 167--167
[]|\T1/lmr/m/n/10.95 Stadtbaumen
 []


Underfull \hbox (badness 2662) in paragraph at lines 167--167
\T1/lmr/m/n/10.95 ff-nen/ schlie-
 []


Underfull \hbox (badness 10000) in paragraph at lines 167--167
[]|\T1/lmr/m/n/10.95 Men ff-nen,
 []


Underfull \hbox (badness 3601) in paragraph at lines 167--167
\T1/lmr/m/n/10.95 schlie-en oder
 []


Underfull \hbox (badness 5008) in paragraph at lines 167--167
\T1/lmr/m/n/10.95 bei ge-ff-ne-ten
 []


Underfull \hbox (badness 2173) in paragraph at lines 167--167
[]|\T1/lmr/m/n/10.95 Bau oder ab-
 []


Overfull \hbox (6.6831pt too wide) in paragraph at lines 167--167
[]|\T1/lmr/m/n/10.95 Straenbaumen
 []


Underfull \hbox (badness 2662) in paragraph at lines 167--167
\T1/lmr/m/n/10.95 ff-nen/ schlie-
 []


Underfull \hbox (badness 10000) in paragraph at lines 167--167
[]|\T1/lmr/m/n/10.95 Men ff-nen,
 []


Underfull \hbox (badness 3601) in paragraph at lines 167--167
\T1/lmr/m/n/10.95 schlie-en oder
 []


Underfull \hbox (badness 5008) in paragraph at lines 167--167
\T1/lmr/m/n/10.95 bei ge-ff-ne-ten
 []


Underfull \hbox (badness 1939) in paragraph at lines 167--167
\T1/lmr/m/n/10.95 Bau-me-n Bau
 []


Underfull \hbox (badness 10000) in paragraph at lines 167--167
[]|\T1/lmr/m/n/10.95 Bau Stra-e
 []


Underfull \hbox (badness 2197) in paragraph at lines 167--167
[]|\T1/lmr/m/n/10.95 Einsatz Er-eig-
 []


Underfull \hbox (badness 10000) in paragraph at lines 167--167
[]|\T1/lmr/m/n/10.95 Verschiebung
 []


Underfull \hbox (badness 10000) in paragraph at lines 167--167
[]|\T1/lmr/m/n/10.95 Spiel ff-net
 []


Underfull \hbox (badness 10000) in paragraph at lines 167--167
\T1/lmr/m/n/10.95 Ver-schie-buns-
 []


Underfull \hbox (badness 10000) in paragraph at lines 167--167
\T1/lmr/m/n/10.95 me-n fr
 []


Underfull \hbox (badness 10000) in paragraph at lines 188--188
[]|\T1/lmr/m/n/10.95 Spiel ff-net
 []


Underfull \hbox (badness 10000) in paragraph at lines 188--188
[]|\T1/lmr/m/n/10.95 Wenn ein
 []


Underfull \hbox (badness 10000) in paragraph at lines 188--188
\T1/lmr/m/n/10.95 Spie-ler die
 []


Underfull \hbox (badness 10000) in paragraph at lines 188--188
\T1/lmr/m/n/10.95 Min-de-stan-zahl
 []


Underfull \hbox (badness 10000) in paragraph at lines 188--188
\T1/lmr/m/n/10.95 der n-ti-gen
 []


Underfull \hbox (badness 10000) in paragraph at lines 188--188
\T1/lmr/m/n/10.95 Sie-ges-punk-te
 []


Underfull \hbox (badness 10000) in paragraph at lines 188--188
[]|\T1/lmr/m/n/10.95 Spiel ver-kn-
 []


Underfull \hbox (badness 1533) in paragraph at lines 188--188
\T1/lmr/m/n/10.95 det Sie-ger als
 []


Underfull \hbox (badness 10000) in paragraph at lines 188--188
[]|\T1/lmr/m/n/10.95 Aktualisierung
 []


Underfull \hbox (badness 10000) in paragraph at lines 188--188
[]|\T1/lmr/m/n/10.95 nach je-der
 []


Underfull \hbox (badness 5563) in paragraph at lines 188--188
\T1/lmr/m/n/10.95 n-de-rung der
 []


Underfull \hbox (badness 10000) in paragraph at lines 188--188
\T1/lmr/m/n/10.95 Res-sour-cen
 []


Underfull \hbox (badness 4699) in paragraph at lines 188--188
\T1/lmr/m/n/10.95 gen der Res-
 []


Underfull \hbox (badness 10000) in paragraph at lines 188--188
[]|\T1/lmr/m/n/10.95 Broadcast:
 []


Underfull \hbox (badness 10000) in paragraph at lines 188--188
\T1/lmr/m/n/10.95 Ak-tua-li-sie-
 []


Underfull \hbox (badness 3128) in paragraph at lines 188--188
\T1/lmr/m/n/10.95 rung ak-tu-el-ler
 []


Underfull \hbox (badness 10000) in paragraph at lines 188--188
[]|\T1/lmr/m/n/10.95 Ressourcen-
 []


Underfull \hbox (badness 4291) in paragraph at lines 188--188
\T1/lmr/m/n/10.95 rung Res-sour-
 []


Underfull \hbox (badness 10000) in paragraph at lines 188--188
[]|\T1/lmr/m/n/10.95 Im Spiel-zug
 []


Underfull \hbox (badness 10000) in paragraph at lines 188--188
\T1/lmr/m/n/10.95 nach dem
 []


Underfull \hbox (badness 10000) in paragraph at lines 188--188
[]|\T1/lmr/m/n/10.95 Schnittstelle
 []


Underfull \hbox (badness 2662) in paragraph at lines 188--188
\T1/lmr/m/n/10.95 an-de-re Spie-ler
 []

) [21] [22] [23]
\openout2 = `Inhalt/Implementation.aux'.

 (Inhalt/Implementation.tex
chapter 4.
("C:\Program Files\MiKTeX\tex/latex/listings\lstlang1.sty"
File: lstlang1.sty 2019/09/10 1.8c listings language file
)
Underfull \hbox (badness 10000) in paragraph at lines 40--41

 []


Underfull \hbox (badness 10000) in paragraph at lines 42--63

 []

[24



]
<Bilder/SpielfeldStartoberflaeche.png, id=473, 726.46407pt x 409.53pt>
File: Bilder/SpielfeldStartoberflaeche.png Graphic file (type png)
<use Bilder/SpielfeldStartoberflaeche.png>
Package pdftex.def Info: Bilder/SpielfeldStartoberflaeche.png  used on input li
ne 80.
(pdftex.def)             Requested size: 455.24408pt x 256.64299pt.

Overfull \hbox (28.45273pt too wide) in paragraph at lines 80--81
 [][] 
 []


LaTeX Warning: `h' float specifier changed to `ht'.


Underfull \hbox (badness 10000) in paragraph at lines 85--87

 []

[25]
Package hyperref Info: bookmark level for unknown lstlisting defaults to 0 on i
nput line 90.
LaTeX Font Info:    Trying to load font information for T1+lmtt on input line 9
0.
 ("C:\Program Files\MiKTeX\tex/latex/lm\t1lmtt.fd"
File: t1lmtt.fd 2009/10/30 v1.6 Font defs for Latin Modern
)
(Listings/MapGenerator1.cs [26 <./Bilder/SpielfeldStartoberflaeche.png>])
Underfull \hbox (badness 10000) in paragraph at lines 92--93

 []

(Listings/MapGenerator2.cs [27])
Underfull \hbox (badness 10000) in paragraph at lines 107--108

 []

[28] (Listings/PlayerScript1.cs)
Underfull \hbox (badness 10000) in paragraph at lines 113--114

 []

[29] (Listings/PlayerScript1StartAwake.cs) (Listings/PlayerScript2.cs [30])
(Listings/PlayerScript3.cs) (Listings/PlayerScript4.cs
Overfull \hbox (41.4742pt too wide) in paragraph at lines 9--10
[][][][][][][][][][][][][][][][][][][][][]  
 []

[31]
Overfull \hbox (8.97435pt too wide) in paragraph at lines 10--11
[][][][][][][][][][][][][] 
 []


Overfull \hbox (8.97435pt too wide) in paragraph at lines 14--15
[][][][][][][][][][][][][] 
 []


Overfull \hbox (8.97435pt too wide) in paragraph at lines 18--19
[][][][][][][][][][][][][] 
 []


Overfull \hbox (8.97435pt too wide) in paragraph at lines 22--23
[][][][][][][][][][][][][] 
 []


Overfull \hbox (8.97435pt too wide) in paragraph at lines 26--27
[][][][][][][][][][][][][] 
 []

)
Overfull \hbox (26.06795pt too wide) in paragraph at lines 129--131
\T1/lmr/m/it/10.95 num-ber)\T1/lmr/m/n/10.95 . Bei-de er-rei-chen im Grun-de da
s Glei-che, wo-bei \T1/lmr/m/it/10.95 Col-lec-tRe-sources-For-Vil-la-ge(GameObj
ect
 []

(Listings/PlayerScript5.cs [32]) [33] (Listings/PlayerScript6.cs [34]) [35]
(Listings/GameManager1.cs) [36]
Underfull \hbox (badness 10000) in paragraph at lines 164--166

 []

(Listings/GameManager2.cs [37])
Underfull \hbox (badness 10000) in paragraph at lines 169--173

 []

(Listings/GameManager2ActivateRoads.cs [38])
Underfull \hbox (badness 10000) in paragraph at lines 176--177

 []

[39] (Listings/GameManager3.cs)
Underfull \hbox (badness 10000) in paragraph at lines 180--182

 []

[40] (Listings/GameManager4.cs [41])
Underfull \hbox (badness 10000) in paragraph at lines 192--194

 []

[42]
Underfull \hbox (badness 10000) in paragraph at lines 196--197

 []

(Listings/VillageFocus.cs)
Underfull \hbox (badness 10000) in paragraph at lines 204--207

 []

[43] (Listings/BuildVillage.cs)
Underfull \hbox (badness 10000) in paragraph at lines 210--211

 []

[44] (Listings/BuildRoad.cs) (Listings/VillagePlaceScript.cs)
Underfull \hbox (badness 10000) in paragraph at lines 220--222

 []

[45] (Listings/Situation-Attribute-Ausschnitt.cs)
Underfull \hbox (badness 10000) in paragraph at lines 224--226

 []

(Listings/Karte-Attribute-Ausschnitt.cs)
Underfull \hbox (badness 10000) in paragraph at lines 230--232

 []

[46] (Listings/MapGeneratorAnpassungCreateMap1.cs) (Listings/GMLateStart.cs
Overfull \hbox (87.67427pt too wide) in paragraph at lines 10--11
[][][][][][][][][][][][][][][][][][][][][][][]  
 []


Overfull \hbox (40.42441pt too wide) in paragraph at lines 17--18
[][][][][][][][][][][][][][][][][][][][][][][]  
 []

LaTeX Font Info:    Trying to load font information for TS1+lmtt on input line 
20.
("C:\Program Files\MiKTeX\tex/latex/lm\ts1lmtt.fd"
File: ts1lmtt.fd 2009/10/30 v1.6 Font defs for Latin Modern
)) [47]
(Listings/GMStartAIProcess.cs) (Listings/GMMakeAITurn.cs [48])
(Listings/PlayerScriptFulfillPlan.cs [49]) [50]
Underfull \hbox (badness 10000) in paragraph at lines 258--260

 []

(Listings/GameManagerCityBuildPlace.cs
Overfull \hbox (26.77455pt too wide) in paragraph at lines 15--17
[][][][][][][][][][][][][][][][][][][][][]  
 []

) [51]
Underfull \hbox (badness 10000) in paragraph at lines 264--266

 []

(Listings/BuildCityOnMouseDown.cs)
Underfull \hbox (badness 10000) in paragraph at lines 270--272

 []

[52] (Listings/Plan2.cs) (Listings/PlayerScriptCityActions.cs
Overfull \hbox (13.17455pt too wide) in paragraph at lines 13--14
[][][][][][][][][][][][][][][][]  
 []

)
Underfull \hbox (badness 10000) in paragraph at lines 276--278

 []

[53] (Listings/PlayerScriptCityActions.cs
Overfull \hbox (13.17455pt too wide) in paragraph at lines 13--14
[][][][][][][][][][][][][][][][]  
 []

)
Underfull \hbox (badness 10000) in paragraph at lines 286--288

 []

(Listings/PlayerPlanErstellen.java [54])
Underfull \vbox (badness 5022) has occurred while \output is active []

 [55]
Underfull \hbox (badness 10000) in paragraph at lines 294--296

 []

(Listings/DefaultCasesBeispiel.java) [56] [57]
Underfull \hbox (badness 10000) in paragraph at lines 324--326

 []

(Listings/CalculatePreferencePlayer2.java [58]) [59] [60])
Overfull \hbox (4.98016pt too wide) in paragraph at lines 356--11
[]\T1/lmr/m/n/10.95 Das be-schrie-be-ne Ver-fah-ren er-fllt die ge-stell-ten A
n-for-de-run-gen auch wei-ter-hin. Ein Aspekt,
 []

[61]
\openout2 = `Inhalt/Evaluation.aux'.

 (Inhalt/Evaluation.tex
chapter 5.
<Bilder/AlleObjekte.png, id=1602, 737.00343pt x 414.79968pt>
File: Bilder/AlleObjekte.png Graphic file (type png)
<use Bilder/AlleObjekte.png>
Package pdftex.def Info: Bilder/AlleObjekte.png  used on input line 13.
(pdftex.def)             Requested size: 404.43098pt x 227.62204pt.
[62



 <./Bilder/AlleObjekte.png>]
<Bilder/GameOverScreen.png, id=1609, 738.50906pt x 418.56375pt>
File: Bilder/GameOverScreen.png Graphic file (type png)
<use Bilder/GameOverScreen.png>
Package pdftex.def Info: Bilder/GameOverScreen.png  used on input line 22.
(pdftex.def)             Requested size: 401.60614pt x 227.62204pt.
 [63 <./Bilder/GameOverScreen.png>] [64]
[65] [66] [67] [68]
<Bilder/Testergebnisse.png, id=1642, 810.77907pt x 481.8pt>
File: Bilder/Testergebnisse.png Graphic file (type png)
<use Bilder/Testergebnisse.png>
Package pdftex.def Info: Bilder/Testergebnisse.png  used on input line 98.
(pdftex.def)             Requested size: 430.93564pt x 256.0748pt.

Overfull \hbox (4.14429pt too wide) in paragraph at lines 98--99
 [][] 
 []


Underfull \hbox (badness 10000) in paragraph at lines 105--116

 []


Underfull \hbox (badness 10000) in paragraph at lines 105--116

 []


Underfull \hbox (badness 10000) in paragraph at lines 105--116

 []

[69 <./Bilder/Testergebnisse.png>]) [70]
\openout2 = `Inhalt/Ausblick.aux'.

 (Inhalt/Ausblick.tex
chapter 6.
[71



] [72] [73] [74] [75]) [76]) (Arbeit.bbl
chapter without number
) [77



]
chapter A.
(Anhang.tex (Listings/Tile.cs) (Listings/GameManagerAwakeAndStart.cs)
(Listings/CollectResourcesForVillage.cs [78

])

Class scrreprt Warning: `\caption' outside float.
(scrreprt)              Seems you are using `\caption' outside a float.
(scrreprt)              Maybe you are using a package that uses `\@makecaption'

(scrreprt)              without setting `\@captype' before.
(scrreprt)              Because I cannot detect the caption type, I'm using
(scrreprt)              the empty one. on input line 31.

(Listings/CalculatePreferencePlayer1.cs)
<Bilder/Siedler-von-Catan-Regeln.pdf, id=1737, 420.57948pt x 596.98656pt>
File: Bilder/Siedler-von-Catan-Regeln.pdf Graphic file (type pdf)
<use Bilder/Siedler-von-Catan-Regeln.pdf>
Package pdftex.def Info: Bilder/Siedler-von-Catan-Regeln.pdf  used on input lin
e 35.
(pdftex.def)             Requested size: 420.57846pt x 596.98509pt.
File: Bilder/Siedler-von-Catan-Regeln.pdf Graphic file (type pdf)
<use Bilder/Siedler-von-Catan-Regeln.pdf>
Package pdftex.def Info: Bilder/Siedler-von-Catan-Regeln.pdf  used on input lin
e 35.
(pdftex.def)             Requested size: 420.57846pt x 596.98509pt.
<Bilder/Siedler-von-Catan-Regeln.pdf, id=1740, page=1, 420.57948pt x 596.98656p
t>
File: Bilder/Siedler-von-Catan-Regeln.pdf Graphic file (type pdf)
<use Bilder/Siedler-von-Catan-Regeln.pdf, page 1>
Package pdftex.def Info: Bilder/Siedler-von-Catan-Regeln.pdf , page1 used on in
put line 35.
(pdftex.def)             Requested size: 420.57846pt x 596.98509pt.
File: Bilder/Siedler-von-Catan-Regeln.pdf Graphic file (type pdf)
<use Bilder/Siedler-von-Catan-Regeln.pdf, page 1>
Package pdftex.def Info: Bilder/Siedler-von-Catan-Regeln.pdf , page1 used on in
put line 35.
(pdftex.def)             Requested size: 336.46405pt x 477.58989pt.
 [79]
File: Bilder/Siedler-von-Catan-Regeln.pdf Graphic file (type pdf)
<use Bilder/Siedler-von-Catan-Regeln.pdf, page 1>
Package pdftex.def Info: Bilder/Siedler-von-Catan-Regeln.pdf , page1 used on in
put line 35.
(pdftex.def)             Requested size: 336.46405pt x 477.58989pt.
File: Bilder/Siedler-von-Catan-Regeln.pdf Graphic file (type pdf)
<use Bilder/Siedler-von-Catan-Regeln.pdf, page 1>
Package pdftex.def Info: Bilder/Siedler-von-Catan-Regeln.pdf , page1 used on in
put line 35.
(pdftex.def)             Requested size: 336.46405pt x 477.58989pt.
File: Bilder/Siedler-von-Catan-Regeln.pdf Graphic file (type pdf)
<use Bilder/Siedler-von-Catan-Regeln.pdf, page 1>
Package pdftex.def Info: Bilder/Siedler-von-Catan-Regeln.pdf , page1 used on in
put line 35.
(pdftex.def)             Requested size: 336.46405pt x 477.58989pt.
 [80 <./Bilder/Siedler-von-Catan-Regeln.pdf>]
File: Bilder/Siedler-von-Catan-Regeln.pdf Graphic file (type pdf)
<use Bilder/Siedler-von-Catan-Regeln.pdf>
Package pdftex.def Info: Bilder/Siedler-von-Catan-Regeln.pdf  used on input lin
e 36.
(pdftex.def)             Requested size: 420.57846pt x 596.98509pt.
File: Bilder/Siedler-von-Catan-Regeln.pdf Graphic file (type pdf)
<use Bilder/Siedler-von-Catan-Regeln.pdf>
Package pdftex.def Info: Bilder/Siedler-von-Catan-Regeln.pdf  used on input lin
e 36.
(pdftex.def)             Requested size: 420.57846pt x 596.98509pt.
<Bilder/Siedler-von-Catan-Regeln.pdf, id=2036, page=2, 420.57948pt x 596.98656p
t>
File: Bilder/Siedler-von-Catan-Regeln.pdf Graphic file (type pdf)
<use Bilder/Siedler-von-Catan-Regeln.pdf, page 2>
Package pdftex.def Info: Bilder/Siedler-von-Catan-Regeln.pdf , page2 used on in
put line 36.
(pdftex.def)             Requested size: 420.57846pt x 596.98509pt.
File: Bilder/Siedler-von-Catan-Regeln.pdf Graphic file (type pdf)
<use Bilder/Siedler-von-Catan-Regeln.pdf, page 2>
Package pdftex.def Info: Bilder/Siedler-von-Catan-Regeln.pdf , page2 used on in
put line 36.
(pdftex.def)             Requested size: 336.46405pt x 477.58989pt.
File: Bilder/Siedler-von-Catan-Regeln.pdf Graphic file (type pdf)
<use Bilder/Siedler-von-Catan-Regeln.pdf, page 2>
Package pdftex.def Info: Bilder/Siedler-von-Catan-Regeln.pdf , page2 used on in
put line 36.
(pdftex.def)             Requested size: 336.46405pt x 477.58989pt.
File: Bilder/Siedler-von-Catan-Regeln.pdf Graphic file (type pdf)
<use Bilder/Siedler-von-Catan-Regeln.pdf, page 2>
Package pdftex.def Info: Bilder/Siedler-von-Catan-Regeln.pdf , page2 used on in
put line 36.
(pdftex.def)             Requested size: 336.46405pt x 477.58989pt.
File: Bilder/Siedler-von-Catan-Regeln.pdf Graphic file (type pdf)
<use Bilder/Siedler-von-Catan-Regeln.pdf, page 2>
Package pdftex.def Info: Bilder/Siedler-von-Catan-Regeln.pdf , page2 used on in
put line 36.
(pdftex.def)             Requested size: 336.46405pt x 477.58989pt.
 [81 <./Bilder/Siedler-von-Catan-Regeln.pdf>]
<Bilder/Siedler-von-Catan-Regeln.pdf, id=2514, page=3, 420.57948pt x 596.98656p
t>
File: Bilder/Siedler-von-Catan-Regeln.pdf Graphic file (type pdf)
<use Bilder/Siedler-von-Catan-Regeln.pdf, page 3>
Package pdftex.def Info: Bilder/Siedler-von-Catan-Regeln.pdf , page3 used on in
put line 36.
(pdftex.def)             Requested size: 336.46405pt x 477.58989pt.
File: Bilder/Siedler-von-Catan-Regeln.pdf Graphic file (type pdf)
<use Bilder/Siedler-von-Catan-Regeln.pdf, page 3>
Package pdftex.def Info: Bilder/Siedler-von-Catan-Regeln.pdf , page3 used on in
put line 36.
(pdftex.def)             Requested size: 336.46405pt x 477.58989pt.
File: Bilder/Siedler-von-Catan-Regeln.pdf Graphic file (type pdf)
<use Bilder/Siedler-von-Catan-Regeln.pdf, page 3>
Package pdftex.def Info: Bilder/Siedler-von-Catan-Regeln.pdf , page3 used on in
put line 36.
(pdftex.def)             Requested size: 336.46405pt x 477.58989pt.
 [82 <./Bilder/Siedler-von-Catan-Regeln.pdf>]
<Bilder/Siedler-von-Catan-Regeln.pdf, id=2533, page=4, 420.57948pt x 596.98656p
t>
File: Bilder/Siedler-von-Catan-Regeln.pdf Graphic file (type pdf)
<use Bilder/Siedler-von-Catan-Regeln.pdf, page 4>
Package pdftex.def Info: Bilder/Siedler-von-Catan-Regeln.pdf , page4 used on in
put line 36.
(pdftex.def)             Requested size: 336.46405pt x 477.58989pt.
File: Bilder/Siedler-von-Catan-Regeln.pdf Graphic file (type pdf)
<use Bilder/Siedler-von-Catan-Regeln.pdf, page 4>
Package pdftex.def Info: Bilder/Siedler-von-Catan-Regeln.pdf , page4 used on in
put line 36.
(pdftex.def)             Requested size: 336.46405pt x 477.58989pt.
File: Bilder/Siedler-von-Catan-Regeln.pdf Graphic file (type pdf)
<use Bilder/Siedler-von-Catan-Regeln.pdf, page 4>
Package pdftex.def Info: Bilder/Siedler-von-Catan-Regeln.pdf , page4 used on in
put line 36.
(pdftex.def)             Requested size: 336.46405pt x 477.58989pt.
 [83 <./Bilder/Siedler-von-Catan-Regeln.pdf>]
<Bilder/Siedler-von-Catan-Regeln.pdf, id=2549, page=5, 420.57948pt x 596.98656p
t>
File: Bilder/Siedler-von-Catan-Regeln.pdf Graphic file (type pdf)
<use Bilder/Siedler-von-Catan-Regeln.pdf, page 5>
Package pdftex.def Info: Bilder/Siedler-von-Catan-Regeln.pdf , page5 used on in
put line 36.
(pdftex.def)             Requested size: 336.46405pt x 477.58989pt.
File: Bilder/Siedler-von-Catan-Regeln.pdf Graphic file (type pdf)
<use Bilder/Siedler-von-Catan-Regeln.pdf, page 5>
Package pdftex.def Info: Bilder/Siedler-von-Catan-Regeln.pdf , page5 used on in
put line 36.
(pdftex.def)             Requested size: 336.46405pt x 477.58989pt.
File: Bilder/Siedler-von-Catan-Regeln.pdf Graphic file (type pdf)
<use Bilder/Siedler-von-Catan-Regeln.pdf, page 5>
Package pdftex.def Info: Bilder/Siedler-von-Catan-Regeln.pdf , page5 used on in
put line 36.
(pdftex.def)             Requested size: 336.46405pt x 477.58989pt.
 [84 <./Bilder/Siedler-von-Catan-Regeln.pdf>]
<Bilder/Siedler-von-Catan-Regeln.pdf, id=2650, page=6, 420.57948pt x 596.98656p
t>
File: Bilder/Siedler-von-Catan-Regeln.pdf Graphic file (type pdf)
<use Bilder/Siedler-von-Catan-Regeln.pdf, page 6>
Package pdftex.def Info: Bilder/Siedler-von-Catan-Regeln.pdf , page6 used on in
put line 36.
(pdftex.def)             Requested size: 336.46405pt x 477.58989pt.
File: Bilder/Siedler-von-Catan-Regeln.pdf Graphic file (type pdf)
<use Bilder/Siedler-von-Catan-Regeln.pdf, page 6>
Package pdftex.def Info: Bilder/Siedler-von-Catan-Regeln.pdf , page6 used on in
put line 36.
(pdftex.def)             Requested size: 336.46405pt x 477.58989pt.
File: Bilder/Siedler-von-Catan-Regeln.pdf Graphic file (type pdf)
<use Bilder/Siedler-von-Catan-Regeln.pdf, page 6>
Package pdftex.def Info: Bilder/Siedler-von-Catan-Regeln.pdf , page6 used on in
put line 36.
(pdftex.def)             Requested size: 336.46405pt x 477.58989pt.
 [85 <./Bilder/Siedler-von-Catan-Regeln.pdf>]
<Bilder/Siedler-von-Catan-Regeln.pdf, id=2671, page=7, 420.57948pt x 596.98656p
t>
File: Bilder/Siedler-von-Catan-Regeln.pdf Graphic file (type pdf)
<use Bilder/Siedler-von-Catan-Regeln.pdf, page 7>
Package pdftex.def Info: Bilder/Siedler-von-Catan-Regeln.pdf , page7 used on in
put line 36.
(pdftex.def)             Requested size: 336.46405pt x 477.58989pt.
File: Bilder/Siedler-von-Catan-Regeln.pdf Graphic file (type pdf)
<use Bilder/Siedler-von-Catan-Regeln.pdf, page 7>
Package pdftex.def Info: Bilder/Siedler-von-Catan-Regeln.pdf , page7 used on in
put line 36.
(pdftex.def)             Requested size: 336.46405pt x 477.58989pt.
File: Bilder/Siedler-von-Catan-Regeln.pdf Graphic file (type pdf)
<use Bilder/Siedler-von-Catan-Regeln.pdf, page 7>
Package pdftex.def Info: Bilder/Siedler-von-Catan-Regeln.pdf , page7 used on in
put line 36.
(pdftex.def)             Requested size: 336.46405pt x 477.58989pt.

[86 <./Bilder/Siedler-von-Catan-Regeln.pdf>]
<Bilder/Siedler-von-Catan-Regeln.pdf, id=2911, page=8, 420.57948pt x 596.98656p
t>
File: Bilder/Siedler-von-Catan-Regeln.pdf Graphic file (type pdf)
<use Bilder/Siedler-von-Catan-Regeln.pdf, page 8>
Package pdftex.def Info: Bilder/Siedler-von-Catan-Regeln.pdf , page8 used on in
put line 36.
(pdftex.def)             Requested size: 336.46405pt x 477.58989pt.
File: Bilder/Siedler-von-Catan-Regeln.pdf Graphic file (type pdf)
<use Bilder/Siedler-von-Catan-Regeln.pdf, page 8>
Package pdftex.def Info: Bilder/Siedler-von-Catan-Regeln.pdf , page8 used on in
put line 36.
(pdftex.def)             Requested size: 336.46405pt x 477.58989pt.
File: Bilder/Siedler-von-Catan-Regeln.pdf Graphic file (type pdf)
<use Bilder/Siedler-von-Catan-Regeln.pdf, page 8>
Package pdftex.def Info: Bilder/Siedler-von-Catan-Regeln.pdf , page8 used on in
put line 36.
(pdftex.def)             Requested size: 336.46405pt x 477.58989pt.
 [87 <./Bilder/Siedler-von-Catan-Regeln.pdf>]
<Bilder/Siedler-von-Catan-Regeln.pdf, id=3033, page=9, 420.57948pt x 596.98656p
t>
File: Bilder/Siedler-von-Catan-Regeln.pdf Graphic file (type pdf)
<use Bilder/Siedler-von-Catan-Regeln.pdf, page 9>
Package pdftex.def Info: Bilder/Siedler-von-Catan-Regeln.pdf , page9 used on in
put line 36.
(pdftex.def)             Requested size: 336.46405pt x 477.58989pt.
File: Bilder/Siedler-von-Catan-Regeln.pdf Graphic file (type pdf)
<use Bilder/Siedler-von-Catan-Regeln.pdf, page 9>
Package pdftex.def Info: Bilder/Siedler-von-Catan-Regeln.pdf , page9 used on in
put line 36.
(pdftex.def)             Requested size: 336.46405pt x 477.58989pt.
File: Bilder/Siedler-von-Catan-Regeln.pdf Graphic file (type pdf)
<use Bilder/Siedler-von-Catan-Regeln.pdf, page 9>
Package pdftex.def Info: Bilder/Siedler-von-Catan-Regeln.pdf , page9 used on in
put line 36.
(pdftex.def)             Requested size: 336.46405pt x 477.58989pt.
 [88 <./Bilder/Siedler-von-Catan-Regeln.pdf>]
<Bilder/Siedler-von-Catan-Regeln.pdf, id=3048, page=10, 420.57948pt x 596.98656
pt>
File: Bilder/Siedler-von-Catan-Regeln.pdf Graphic file (type pdf)
<use Bilder/Siedler-von-Catan-Regeln.pdf, page 10>
Package pdftex.def Info: Bilder/Siedler-von-Catan-Regeln.pdf , page10 used on i
nput line 36.
(pdftex.def)             Requested size: 336.46405pt x 477.58989pt.
File: Bilder/Siedler-von-Catan-Regeln.pdf Graphic file (type pdf)
<use Bilder/Siedler-von-Catan-Regeln.pdf, page 10>
Package pdftex.def Info: Bilder/Siedler-von-Catan-Regeln.pdf , page10 used on i
nput line 36.
(pdftex.def)             Requested size: 336.46405pt x 477.58989pt.
File: Bilder/Siedler-von-Catan-Regeln.pdf Graphic file (type pdf)
<use Bilder/Siedler-von-Catan-Regeln.pdf, page 10>
Package pdftex.def Info: Bilder/Siedler-von-Catan-Regeln.pdf , page10 used on i
nput line 36.
(pdftex.def)             Requested size: 336.46405pt x 477.58989pt.
 [89 <./Bilder/Siedler-von-Catan-Regeln.pdf>]
<Bilder/Siedler-von-Catan-Regeln.pdf, id=3183, page=11, 420.57948pt x 596.98656
pt>
File: Bilder/Siedler-von-Catan-Regeln.pdf Graphic file (type pdf)
<use Bilder/Siedler-von-Catan-Regeln.pdf, page 11>
Package pdftex.def Info: Bilder/Siedler-von-Catan-Regeln.pdf , page11 used on i
nput line 36.
(pdftex.def)             Requested size: 336.46405pt x 477.58989pt.
File: Bilder/Siedler-von-Catan-Regeln.pdf Graphic file (type pdf)
<use Bilder/Siedler-von-Catan-Regeln.pdf, page 11>
Package pdftex.def Info: Bilder/Siedler-von-Catan-Regeln.pdf , page11 used on i
nput line 36.
(pdftex.def)             Requested size: 336.46405pt x 477.58989pt.
File: Bilder/Siedler-von-Catan-Regeln.pdf Graphic file (type pdf)
<use Bilder/Siedler-von-Catan-Regeln.pdf, page 11>
Package pdftex.def Info: Bilder/Siedler-von-Catan-Regeln.pdf , page11 used on i
nput line 36.
(pdftex.def)             Requested size: 336.46405pt x 477.58989pt.
 [90 <./Bilder/Siedler-von-Catan-Regeln.pdf>])
Package atveryend Info: Empty hook `BeforeClearDocument' on input line 171.
 [91
runsystem(makeindex -s Arbeit.ist -t Arbeit.glg -o Arbeit.gls Arbeit.glo)...exe
cuted (allowed).

]
Package atveryend Info: Empty hook `AfterLastShipout' on input line 171.

(Arbeit.aux (Deckblatt.aux) (Inhalt/Einleitung.aux) (Inhalt/Grundlagen.aux)
(Inhalt/Ansaetze.aux) (Inhalt/Implementation.aux) (Inhalt/Evaluation.aux)
(Inhalt/Ausblick.aux))
Package atveryend Info: Executing hook `AtVeryEndDocument' on input line 171.
Package atveryend Info: Executing hook `AtEndAfterFileList' on input line 171.
Package rerunfilecheck Info: File `Arbeit.out' has not changed.
(rerunfilecheck)             Checksum: D41D8CD98F00B204E9800998ECF8427E;0.


LaTeX Warning: There were multiply-defined labels.

 ) 
Here is how much of TeX's memory you used:
 34778 strings out of 492450
 645672 string characters out of 3131604
 1078706 words of memory out of 3000000
 37185 multiletter control sequences out of 15000+200000
 603466 words of font info for 64 fonts, out of 3000000 for 9000
 1141 hyphenation exceptions out of 8191
 66i,20n,90p,10067b,2439s stack positions out of 5000i,500n,10000p,200000b,50000s
{C:/Program Files/MiKTeX/fonts/enc/dvips/lm/lm-ec.enc}{C:/Program Files/MiKTe
X/fonts/enc/dvips/lm/lm-ts1.enc}{C:/Program Files/MiKTeX/fonts/enc/dvips/lm/lm-
mathit.enc}{C:/Program Files/MiKTeX/fonts/enc/dvips/lm/lm-rm.enc}{C:/Program Fi
les/MiKTeX/fonts/enc/dvips/lm/lm-mathex.enc}{C:/Program Files/MiKTeX/fonts/enc/
dvips/lm/lm-mathsy.enc}<C:/Program Files/MiKTeX/fonts/type1/public/lm/lmbx10.pf
b><C:/Program Files/MiKTeX/fonts/type1/public/lm/lmbx12.pfb><C:/Program Files/M
iKTeX/fonts/type1/public/lm/lmcsc10.pfb><C:/Program Files/MiKTeX/fonts/type1/pu
blic/lm/lmex10.pfb><C:/Program Files/MiKTeX/fonts/type1/public/lm/lmmi10.pfb><C
:/Program Files/MiKTeX/fonts/type1/public/lm/lmmi8.pfb><C:/Program Files/MiKTeX
/fonts/type1/public/lm/lmr10.pfb><C:/Program Files/MiKTeX/fonts/type1/public/lm
/lmr12.pfb><C:/Program Files/MiKTeX/fonts/type1/public/lm/lmr6.pfb><C:/Program 
Files/MiKTeX/fonts/type1/public/lm/lmr8.pfb><C:/Program Files/MiKTeX/fonts/type
1/public/lm/lmri10.pfb><C:/Program Files/MiKTeX/fonts/type1/public/lm/lmssbx10.
pfb><C:/Program Files/MiKTeX/fonts/type1/public/lm/lmsy10.pfb><C:/Program Files
/MiKTeX/fonts/type1/public/lm/lmsy8.pfb><C:/Program Files/MiKTeX/fonts/type1/pu
blic/lm/lmtt10.pfb><C:/Program Files/MiKTeX/fonts/type1/public/amsfonts/symbols
/msbm10.pfb>
Output written on Arbeit.pdf (97 pages, 5024814 bytes).
PDF statistics:
 3660 PDF objects out of 4296 (max. 8388607)
 1255 named destinations out of 1440 (max. 500000)
 520 words of extra memory for PDF output out of 10000 (max. 10000000)

